<!DOCTYPE html>

<html>
  <head>
  <meta charset='utf-8'>
  <title>TestNG reports</title>

    <link type="text/css" href="testng-reports.css" rel="stylesheet" />
    <script type="text/javascript" src="jquery-1.7.1.min.js"></script>
    <script type="text/javascript" src="testng-reports.js"></script>
    <script type="text/javascript" src="https://www.google.com/jsapi"></script>
    <script type='text/javascript'>
      google.load('visualization', '1', {packages:['table']});
      google.setOnLoadCallback(drawTable);
      var suiteTableInitFunctions = new Array();
      var suiteTableData = new Array();
    </script>
    <!--
      <script type="text/javascript" src="jquery-ui/js/jquery-ui-1.8.16.custom.min.js"></script>
     -->
  </head>

  <body>
    <div class="top-banner-root">
      <span class="top-banner-title-font">Test results</span>
      <br/>
      <span class="top-banner-font-1">1 suite</span>
    </div> <!-- top-banner-root -->
    <div class="navigator-root">
      <div class="navigator-suite-header">
        <span>All suites</span>
        <a href="#" title="Collapse/expand all the suites" class="collapse-all-link">
          <img src="collapseall.gif" class="collapse-all-icon">
          </img> <!-- collapse-all-icon -->
        </a> <!-- collapse-all-link -->
      </div> <!-- navigator-suite-header -->
      <div class="suite">
        <div class="rounded-window">
          <div class="suite-header light-rounded-window-top">
            <a href="#" panel-name="suite-Regression" class="navigator-link">
              <span class="suite-name border-skipped">Regression</span>
            </a> <!-- navigator-link -->
          </div> <!-- suite-header light-rounded-window-top -->
          <div class="navigator-suite-content">
            <div class="suite-section-title">
              <span>Info</span>
            </div> <!-- suite-section-title -->
            <div class="suite-section-content">
              <ul>
                <li>
                  <a href="#" panel-name="test-xml-Regression" class="navigator-link ">
                    <span>E:\Github\SeleniumAutomationPractice\ecommerce\testngSuite.xml</span>
                  </a> <!-- navigator-link  -->
                </li>
                <li>
                  <a href="#" panel-name="testlist-Regression" class="navigator-link ">
                    <span class="test-stats">1 test</span>
                  </a> <!-- navigator-link  -->
                </li>
                <li>
                  <a href="#" panel-name="group-Regression" class="navigator-link ">
                    <span>0 groups</span>
                  </a> <!-- navigator-link  -->
                </li>
                <li>
                  <a href="#" panel-name="times-Regression" class="navigator-link ">
                    <span>Times</span>
                  </a> <!-- navigator-link  -->
                </li>
                <li>
                  <a href="#" panel-name="reporter-Regression" class="navigator-link ">
                    <span>Reporter output</span>
                  </a> <!-- navigator-link  -->
                </li>
                <li>
                  <a href="#" panel-name="ignored-methods-Regression" class="navigator-link ">
                    <span>Ignored methods</span>
                  </a> <!-- navigator-link  -->
                </li>
                <li>
                  <a href="#" panel-name="chronological-Regression" class="navigator-link ">
                    <span>Chronological view</span>
                  </a> <!-- navigator-link  -->
                </li>
              </ul>
            </div> <!-- suite-section-content -->
            <div class="result-section">
              <div class="suite-section-title">
                <span>Results</span>
              </div> <!-- suite-section-title -->
              <div class="suite-section-content">
                <ul>
                  <li>
                    <span class="method-stats">26 methods,  26 skipped,  </span>
                  </li>
                  <li>
                    <span class="method-list-title skipped">Skipped methods</span>
                    <span class="show-or-hide-methods skipped">
                      <a href="#" panel-name="suite-Regression" class="hide-methods skipped suite-Regression"> (hide)</a> <!-- hide-methods skipped suite-Regression -->
                      <a href="#" panel-name="suite-Regression" class="show-methods skipped suite-Regression"> (show)</a> <!-- show-methods skipped suite-Regression -->
                    </span>
                    <div class="method-list-content skipped suite-Regression">
                      <span>
                        <img src="skipped.png" width="3%"/>
                        <a href="#" panel-name="suite-Regression" title="com.automationpractice.ecommerce.testCases.TestCase10VerifySubscriptionInHomepage" class="method navigator-link" hash-for-method="testCase10VerifySubscriptionInHomepage">testCase10VerifySubscriptionInHomepage</a> <!-- method navigator-link -->
                      </span>
                      <br/>
                      <span>
                        <img src="skipped.png" width="3%"/>
                        <a href="#" panel-name="suite-Regression" title="com.automationpractice.ecommerce.testCases.TestCase11VerifySubscriptionInCartpagePages_TC" class="method navigator-link" hash-for-method="testCase11VerifySubscriptionInCartpagePages_TC">testCase11VerifySubscriptionInCartpagePages_TC</a> <!-- method navigator-link -->
                      </span>
                      <br/>
                      <span>
                        <img src="skipped.png" width="3%"/>
                        <a href="#" panel-name="suite-Regression" title="com.automationpractice.ecommerce.testCases.TestCase12AddProductsInCart" class="method navigator-link" hash-for-method="testCase12AddProductsInCart">testCase12AddProductsInCart</a> <!-- method navigator-link -->
                      </span>
                      <br/>
                      <span>
                        <img src="skipped.png" width="3%"/>
                        <a href="#" panel-name="suite-Regression" title="com.automationpractice.ecommerce.testCases.TestCase13VerifyProductQuantityInCart" class="method navigator-link" hash-for-method="testCase13VerifyProductQuantityInCartPages">testCase13VerifyProductQuantityInCartPages</a> <!-- method navigator-link -->
                      </span>
                      <br/>
                      <span>
                        <img src="skipped.png" width="3%"/>
                        <a href="#" panel-name="suite-Regression" title="com.automationpractice.ecommerce.testCases.TestCase14PlaceOrderRegisterWhileCheckout" class="method navigator-link" hash-for-method="testCase14PlaceOrderRegisterWhileCheckoutPages">testCase14PlaceOrderRegisterWhileCheckoutPages</a> <!-- method navigator-link -->
                      </span>
                      <br/>
                      <span>
                        <img src="skipped.png" width="3%"/>
                        <a href="#" panel-name="suite-Regression" title="com.automationpractice.ecommerce.testCases.TestCase15PlaceOrderRegisterBeforeCheckout" class="method navigator-link" hash-for-method="testCase15PlaceOrderRegisterBeforeCheckoutPages">testCase15PlaceOrderRegisterBeforeCheckoutPages</a> <!-- method navigator-link -->
                      </span>
                      <br/>
                      <span>
                        <img src="skipped.png" width="3%"/>
                        <a href="#" panel-name="suite-Regression" title="com.automationpractice.ecommerce.testCases.TestCase16PlaceOrderLoginBeforeCheckout" class="method navigator-link" hash-for-method="testCase16PlaceOrderLoginBeforeCheckoutPages">testCase16PlaceOrderLoginBeforeCheckoutPages</a> <!-- method navigator-link -->
                      </span>
                      <br/>
                      <span>
                        <img src="skipped.png" width="3%"/>
                        <a href="#" panel-name="suite-Regression" title="com.automationpractice.ecommerce.testCases.TestCase17RemoveProductsFromCart" class="method navigator-link" hash-for-method="testCase17RemoveProductsFromCartPages">testCase17RemoveProductsFromCartPages</a> <!-- method navigator-link -->
                      </span>
                      <br/>
                      <span>
                        <img src="skipped.png" width="3%"/>
                        <a href="#" panel-name="suite-Regression" title="com.automationpractice.ecommerce.testCases.TestCase18ViewCategoryProducts" class="method navigator-link" hash-for-method="testCase18ViewCategoryProductsPages">testCase18ViewCategoryProductsPages</a> <!-- method navigator-link -->
                      </span>
                      <br/>
                      <span>
                        <img src="skipped.png" width="3%"/>
                        <a href="#" panel-name="suite-Regression" title="com.automationpractice.ecommerce.testCases.TestCase19ViewAndCartBrandProducts" class="method navigator-link" hash-for-method="testCase19ViewAndCartBrandProductsPages">testCase19ViewAndCartBrandProductsPages</a> <!-- method navigator-link -->
                      </span>
                      <br/>
                      <span>
                        <img src="skipped.png" width="3%"/>
                        <a href="#" panel-name="suite-Regression" title="com.automationpractice.ecommerce.testCases.TestCase1RegisterUser" class="method navigator-link" hash-for-method="testCase1RegisterUser">testCase1RegisterUser</a> <!-- method navigator-link -->
                      </span>
                      <br/>
                      <span>
                        <img src="skipped.png" width="3%"/>
                        <a href="#" panel-name="suite-Regression" title="com.automationpractice.ecommerce.testCases.TestCase20SearchProductsAndVerifyCartAfterLogin" class="method navigator-link" hash-for-method="testCase20SearchProductsAndVerifyCartAfterLoginPages">testCase20SearchProductsAndVerifyCartAfterLoginPages</a> <!-- method navigator-link -->
                      </span>
                      <br/>
                      <span>
                        <img src="skipped.png" width="3%"/>
                        <a href="#" panel-name="suite-Regression" title="com.automationpractice.ecommerce.testCases.TestCase21AddReviewOnProduct" class="method navigator-link" hash-for-method="testCase21AddReviewOnProductPages">testCase21AddReviewOnProductPages</a> <!-- method navigator-link -->
                      </span>
                      <br/>
                      <span>
                        <img src="skipped.png" width="3%"/>
                        <a href="#" panel-name="suite-Regression" title="com.automationpractice.ecommerce.testCases.TestCase22AddToCartFromRecommendedItems" class="method navigator-link" hash-for-method="testCase22AddToCartFromRecommendedItems">testCase22AddToCartFromRecommendedItems</a> <!-- method navigator-link -->
                      </span>
                      <br/>
                      <span>
                        <img src="skipped.png" width="3%"/>
                        <a href="#" panel-name="suite-Regression" title="com.automationpractice.ecommerce.testCases.TestCase23VerifyAddressDetailsInCheckoutpage" class="method navigator-link" hash-for-method="testCase23VerifyAddressDetailsInCheckoutpagePages">testCase23VerifyAddressDetailsInCheckoutpagePages</a> <!-- method navigator-link -->
                      </span>
                      <br/>
                      <span>
                        <img src="skipped.png" width="3%"/>
                        <a href="#" panel-name="suite-Regression" title="com.automationpractice.ecommerce.testCases.TestCase24DownloadInvoiceAfterPurchaseOrder" class="method navigator-link" hash-for-method="testCase24DownloadInvoiceAfterPurchaseOrderPages">testCase24DownloadInvoiceAfterPurchaseOrderPages</a> <!-- method navigator-link -->
                      </span>
                      <br/>
                      <span>
                        <img src="skipped.png" width="3%"/>
                        <a href="#" panel-name="suite-Regression" title="com.automationpractice.ecommerce.testCases.TestCase25VerifyScrollUpUsingArrowButtonAndScrollDownFunctionality" class="method navigator-link" hash-for-method="testCase25VerifyScrollUpUsingArrowButtonAndScrollDownFunctionality">testCase25VerifyScrollUpUsingArrowButtonAndScrollDownFunctionality</a> <!-- method navigator-link -->
                      </span>
                      <br/>
                      <span>
                        <img src="skipped.png" width="3%"/>
                        <a href="#" panel-name="suite-Regression" title="com.automationpractice.ecommerce.testCases.TestCase26VerifyScrollUpWithoutArrowButtonAndScrollDownFunctionality" class="method navigator-link" hash-for-method="testCase26VerifyScrollUpWithout_Arrow_buttonAndScrollDownFunctionalityPages">testCase26VerifyScrollUpWithout_Arrow_buttonAndScrollDownFunctionalityPages</a> <!-- method navigator-link -->
                      </span>
                      <br/>
                      <span>
                        <img src="skipped.png" width="3%"/>
                        <a href="#" panel-name="suite-Regression" title="com.automationpractice.ecommerce.testCases.TestCase2LoginUserWithCorrectEmailAndPassword" class="method navigator-link" hash-for-method="testCase2LoginUserWithCorrectEmailAndPassword">testCase2LoginUserWithCorrectEmailAndPassword</a> <!-- method navigator-link -->
                      </span>
                      <br/>
                      <span>
                        <img src="skipped.png" width="3%"/>
                        <a href="#" panel-name="suite-Regression" title="com.automationpractice.ecommerce.testCases.TestCase3LoginUserWithIncorrectEmailAndPassword" class="method navigator-link" hash-for-method="testCase3LoginUserWithIncorrectEmailAndPassword">testCase3LoginUserWithIncorrectEmailAndPassword</a> <!-- method navigator-link -->
                      </span>
                      <br/>
                      <span>
                        <img src="skipped.png" width="3%"/>
                        <a href="#" panel-name="suite-Regression" title="com.automationpractice.ecommerce.testCases.TestCase4LogoutUser" class="method navigator-link" hash-for-method="testCase4LogoutUser">testCase4LogoutUser</a> <!-- method navigator-link -->
                      </span>
                      <br/>
                      <span>
                        <img src="skipped.png" width="3%"/>
                        <a href="#" panel-name="suite-Regression" title="com.automationpractice.ecommerce.testCases.TestCase5RegisterUserWithExistingEmail" class="method navigator-link" hash-for-method="testCase5RegisterUserWithExistingEmail">testCase5RegisterUserWithExistingEmail</a> <!-- method navigator-link -->
                      </span>
                      <br/>
                      <span>
                        <img src="skipped.png" width="3%"/>
                        <a href="#" panel-name="suite-Regression" title="com.automationpractice.ecommerce.testCases.TestCase6ContactUsForm" class="method navigator-link" hash-for-method="testCase6ContactUsForm">testCase6ContactUsForm</a> <!-- method navigator-link -->
                      </span>
                      <br/>
                      <span>
                        <img src="skipped.png" width="3%"/>
                        <a href="#" panel-name="suite-Regression" title="com.automationpractice.ecommerce.testCases.TestCase7VerifyTestCasesPage" class="method navigator-link" hash-for-method="testCase7VerifyTestCasesPage">testCase7VerifyTestCasesPage</a> <!-- method navigator-link -->
                      </span>
                      <br/>
                      <span>
                        <img src="skipped.png" width="3%"/>
                        <a href="#" panel-name="suite-Regression" title="com.automationpractice.ecommerce.testCases.TestCase8VerifyAllProductsAndProductDetailPage" class="method navigator-link" hash-for-method="testCase8VerifyAllProductsAndProductDetailPage">testCase8VerifyAllProductsAndProductDetailPage</a> <!-- method navigator-link -->
                      </span>
                      <br/>
                      <span>
                        <img src="skipped.png" width="3%"/>
                        <a href="#" panel-name="suite-Regression" title="com.automationpractice.ecommerce.testCases.TestCase9SearchProduct" class="method navigator-link" hash-for-method="testCase9SearchProduct">testCase9SearchProduct</a> <!-- method navigator-link -->
                      </span>
                      <br/>
                    </div> <!-- method-list-content skipped suite-Regression -->
                  </li>
                </ul>
              </div> <!-- suite-section-content -->
            </div> <!-- result-section -->
          </div> <!-- navigator-suite-content -->
        </div> <!-- rounded-window -->
      </div> <!-- suite -->
    </div> <!-- navigator-root -->
    <div class="wrapper">
      <div class="main-panel-root">
        <div panel-name="suite-Regression" class="panel Regression">
          <div class="suite-Regression-class-skipped">
            <div class="main-panel-header rounded-window-top">
              <img src="skipped.png"/>
              <span class="class-name">com.automationpractice.ecommerce.testCases.TestCase3LoginUserWithIncorrectEmailAndPassword</span>
            </div> <!-- main-panel-header rounded-window-top -->
            <div class="main-panel-content rounded-window-bottom">
              <div class="method">
                <div class="method-content">
                  <a name="testCase3LoginUserWithIncorrectEmailAndPassword">
                  </a> <!-- testCase3LoginUserWithIncorrectEmailAndPassword -->
                  <span class="method-name">testCase3LoginUserWithIncorrectEmailAndPassword</span>
                  <div class="stack-trace">java.lang.NoSuchMethodError: com.google.common.base.Throwables.throwIfUnchecked(Ljava/lang/Throwable;)V
	at org.openqa.selenium.remote.service.DriverCommandExecutor.execute(DriverCommandExecutor.java:91)
	at org.openqa.selenium.remote.RemoteWebDriver.execute(RemoteWebDriver.java:582)
	at org.openqa.selenium.remote.RemoteWebDriver.startSession(RemoteWebDriver.java:216)
	at org.openqa.selenium.remote.RemoteWebDriver.&lt;init&gt;(RemoteWebDriver.java:136)
	at org.openqa.selenium.chromium.ChromiumDriver.&lt;init&gt;(ChromiumDriver.java:75)
	at org.openqa.selenium.chrome.ChromeDriver.&lt;init&gt;(ChromeDriver.java:163)
	at org.openqa.selenium.chrome.ChromeDriver.&lt;init&gt;(ChromeDriver.java:150)
	at org.openqa.selenium.chrome.ChromeDriver.&lt;init&gt;(ChromeDriver.java:105)
	at com.automationpractice.ecommerce.testCases.BaseClass.beforeClass(BaseClass.java:41)
... Removed 29 stack frames
</div> <!-- stack-trace -->
                </div> <!-- method-content -->
              </div> <!-- method -->
            </div> <!-- main-panel-content rounded-window-bottom -->
          </div> <!-- suite-Regression-class-skipped -->
          <div class="suite-Regression-class-skipped">
            <div class="main-panel-header rounded-window-top">
              <img src="skipped.png"/>
              <span class="class-name">com.automationpractice.ecommerce.testCases.TestCase19ViewAndCartBrandProducts</span>
            </div> <!-- main-panel-header rounded-window-top -->
            <div class="main-panel-content rounded-window-bottom">
              <div class="method">
                <div class="method-content">
                  <a name="testCase19ViewAndCartBrandProductsPages">
                  </a> <!-- testCase19ViewAndCartBrandProductsPages -->
                  <span class="method-name">testCase19ViewAndCartBrandProductsPages</span>
                  <div class="stack-trace">org.openqa.selenium.WebDriverException: Timed out waiting for driver server to start.
Build info: version: &apos;4.0.0-alpha-6&apos;, revision: &apos;5f43a29cfc&apos;
System info: host: &apos;DESKTOP-C6OQV70&apos;, ip: &apos;192.168.0.193&apos;, os.name: &apos;Windows 11&apos;, os.arch: &apos;amd64&apos;, os.version: &apos;10.0&apos;, java.version: &apos;11.0.14&apos;
Driver info: driver.version: ChromeDriver
	at org.openqa.selenium.remote.service.DriverService.start(DriverService.java:210)
	at org.openqa.selenium.remote.service.DriverCommandExecutor.execute(DriverCommandExecutor.java:79)
	at org.openqa.selenium.remote.RemoteWebDriver.execute(RemoteWebDriver.java:582)
	at org.openqa.selenium.remote.RemoteWebDriver.startSession(RemoteWebDriver.java:216)
	at org.openqa.selenium.remote.RemoteWebDriver.&lt;init&gt;(RemoteWebDriver.java:136)
	at org.openqa.selenium.chromium.ChromiumDriver.&lt;init&gt;(ChromiumDriver.java:75)
	at org.openqa.selenium.chrome.ChromeDriver.&lt;init&gt;(ChromeDriver.java:163)
	at org.openqa.selenium.chrome.ChromeDriver.&lt;init&gt;(ChromeDriver.java:150)
	at org.openqa.selenium.chrome.ChromeDriver.&lt;init&gt;(ChromeDriver.java:105)
	at com.automationpractice.ecommerce.testCases.BaseClass.beforeClass(BaseClass.java:41)
Caused by: java.util.concurrent.ExecutionException: org.openqa.selenium.WebDriverException: java.lang.InterruptedException
Build info: version: &apos;4.0.0-alpha-6&apos;, revision: &apos;5f43a29cfc&apos;
System info: host: &apos;DESKTOP-C6OQV70&apos;, ip: &apos;192.168.0.193&apos;, os.name: &apos;Windows 11&apos;, os.arch: &apos;amd64&apos;, os.version: &apos;10.0&apos;, java.version: &apos;11.0.14&apos;
Driver info: driver.version: unknown
	at java.base/java.util.concurrent.CompletableFuture.reportGet(CompletableFuture.java:395)
	at java.base/java.util.concurrent.CompletableFuture.get(CompletableFuture.java:2022)
	at org.openqa.selenium.remote.service.DriverService.start(DriverService.java:204)
	... 37 more
Caused by: org.openqa.selenium.WebDriverException: java.lang.InterruptedException
Build info: version: &apos;4.0.0-alpha-6&apos;, revision: &apos;5f43a29cfc&apos;
System info: host: &apos;DESKTOP-C6OQV70&apos;, ip: &apos;192.168.0.193&apos;, os.name: &apos;Windows 11&apos;, os.arch: &apos;amd64&apos;, os.version: &apos;10.0&apos;, java.version: &apos;11.0.14&apos;
Driver info: driver.version: unknown
	at org.openqa.selenium.os.CommandLine.waitFor(CommandLine.java:130)
	at org.openqa.selenium.remote.service.DriverService.lambda$start$1(DriverService.java:198)
	at java.base/java.util.concurrent.CompletableFuture$AsyncSupply.run(CompletableFuture.java:1700)
	at java.base/java.util.concurrent.CompletableFuture$AsyncSupply.exec(CompletableFuture.java:1692)
	at java.base/java.util.concurrent.ForkJoinTask.doExec(ForkJoinTask.java:290)
	at java.base/java.util.concurrent.ForkJoinPool$WorkQueue.topLevelExec(ForkJoinPool.java:1020)
	at java.base/java.util.concurrent.ForkJoinPool.scan(ForkJoinPool.java:1656)
	at java.base/java.util.concurrent.ForkJoinPool.runWorker(ForkJoinPool.java:1594)
	at java.base/java.util.concurrent.ForkJoinWorkerThread.run(ForkJoinWorkerThread.java:183)
Caused by: java.lang.InterruptedException
	at org.openqa.selenium.os.OsProcess.waitFor(OsProcess.java:162)
	at org.openqa.selenium.os.CommandLine.waitFor(CommandLine.java:127)
	... 8 more
... Removed 28 stack frames
</div> <!-- stack-trace -->
                </div> <!-- method-content -->
              </div> <!-- method -->
            </div> <!-- main-panel-content rounded-window-bottom -->
          </div> <!-- suite-Regression-class-skipped -->
          <div class="suite-Regression-class-skipped">
            <div class="main-panel-header rounded-window-top">
              <img src="skipped.png"/>
              <span class="class-name">com.automationpractice.ecommerce.testCases.TestCase25VerifyScrollUpUsingArrowButtonAndScrollDownFunctionality</span>
            </div> <!-- main-panel-header rounded-window-top -->
            <div class="main-panel-content rounded-window-bottom">
              <div class="method">
                <div class="method-content">
                  <a name="testCase25VerifyScrollUpUsingArrowButtonAndScrollDownFunctionality">
                  </a> <!-- testCase25VerifyScrollUpUsingArrowButtonAndScrollDownFunctionality -->
                  <span class="method-name">testCase25VerifyScrollUpUsingArrowButtonAndScrollDownFunctionality</span>
                  <div class="stack-trace">java.lang.NoSuchMethodError: com.google.common.base.Throwables.throwIfUnchecked(Ljava/lang/Throwable;)V
	at org.openqa.selenium.remote.service.DriverCommandExecutor.execute(DriverCommandExecutor.java:91)
	at org.openqa.selenium.remote.RemoteWebDriver.execute(RemoteWebDriver.java:582)
	at org.openqa.selenium.remote.RemoteWebDriver.startSession(RemoteWebDriver.java:216)
	at org.openqa.selenium.remote.RemoteWebDriver.&lt;init&gt;(RemoteWebDriver.java:136)
	at org.openqa.selenium.chromium.ChromiumDriver.&lt;init&gt;(ChromiumDriver.java:75)
	at org.openqa.selenium.chrome.ChromeDriver.&lt;init&gt;(ChromeDriver.java:163)
	at org.openqa.selenium.chrome.ChromeDriver.&lt;init&gt;(ChromeDriver.java:150)
	at org.openqa.selenium.chrome.ChromeDriver.&lt;init&gt;(ChromeDriver.java:105)
	at com.automationpractice.ecommerce.testCases.BaseClass.beforeClass(BaseClass.java:41)
... Removed 28 stack frames
</div> <!-- stack-trace -->
                </div> <!-- method-content -->
              </div> <!-- method -->
            </div> <!-- main-panel-content rounded-window-bottom -->
          </div> <!-- suite-Regression-class-skipped -->
          <div class="suite-Regression-class-skipped">
            <div class="main-panel-header rounded-window-top">
              <img src="skipped.png"/>
              <span class="class-name">com.automationpractice.ecommerce.testCases.TestCase1RegisterUser</span>
            </div> <!-- main-panel-header rounded-window-top -->
            <div class="main-panel-content rounded-window-bottom">
              <div class="method">
                <div class="method-content">
                  <a name="testCase1RegisterUser">
                  </a> <!-- testCase1RegisterUser -->
                  <span class="method-name">testCase1RegisterUser</span>
                  <div class="stack-trace">java.lang.NoSuchMethodError: com.google.common.base.Throwables.throwIfUnchecked(Ljava/lang/Throwable;)V
	at org.openqa.selenium.remote.service.DriverCommandExecutor.execute(DriverCommandExecutor.java:91)
	at org.openqa.selenium.remote.RemoteWebDriver.execute(RemoteWebDriver.java:582)
	at org.openqa.selenium.remote.RemoteWebDriver.startSession(RemoteWebDriver.java:216)
	at org.openqa.selenium.remote.RemoteWebDriver.&lt;init&gt;(RemoteWebDriver.java:136)
	at org.openqa.selenium.chromium.ChromiumDriver.&lt;init&gt;(ChromiumDriver.java:75)
	at org.openqa.selenium.chrome.ChromeDriver.&lt;init&gt;(ChromeDriver.java:163)
	at org.openqa.selenium.chrome.ChromeDriver.&lt;init&gt;(ChromeDriver.java:150)
	at org.openqa.selenium.chrome.ChromeDriver.&lt;init&gt;(ChromeDriver.java:105)
	at com.automationpractice.ecommerce.testCases.BaseClass.beforeClass(BaseClass.java:41)
... Removed 29 stack frames
</div> <!-- stack-trace -->
                </div> <!-- method-content -->
              </div> <!-- method -->
            </div> <!-- main-panel-content rounded-window-bottom -->
          </div> <!-- suite-Regression-class-skipped -->
          <div class="suite-Regression-class-skipped">
            <div class="main-panel-header rounded-window-top">
              <img src="skipped.png"/>
              <span class="class-name">com.automationpractice.ecommerce.testCases.TestCase8VerifyAllProductsAndProductDetailPage</span>
            </div> <!-- main-panel-header rounded-window-top -->
            <div class="main-panel-content rounded-window-bottom">
              <div class="method">
                <div class="method-content">
                  <a name="testCase8VerifyAllProductsAndProductDetailPage">
                  </a> <!-- testCase8VerifyAllProductsAndProductDetailPage -->
                  <span class="method-name">testCase8VerifyAllProductsAndProductDetailPage</span>
                  <div class="stack-trace">java.lang.NoSuchMethodError: com.google.common.base.Throwables.throwIfUnchecked(Ljava/lang/Throwable;)V
	at org.openqa.selenium.remote.service.DriverCommandExecutor.execute(DriverCommandExecutor.java:91)
	at org.openqa.selenium.remote.RemoteWebDriver.execute(RemoteWebDriver.java:582)
	at org.openqa.selenium.remote.RemoteWebDriver.startSession(RemoteWebDriver.java:216)
	at org.openqa.selenium.remote.RemoteWebDriver.&lt;init&gt;(RemoteWebDriver.java:136)
	at org.openqa.selenium.chromium.ChromiumDriver.&lt;init&gt;(ChromiumDriver.java:75)
	at org.openqa.selenium.chrome.ChromeDriver.&lt;init&gt;(ChromeDriver.java:163)
	at org.openqa.selenium.chrome.ChromeDriver.&lt;init&gt;(ChromeDriver.java:150)
	at org.openqa.selenium.chrome.ChromeDriver.&lt;init&gt;(ChromeDriver.java:105)
	at com.automationpractice.ecommerce.testCases.BaseClass.beforeClass(BaseClass.java:41)
... Removed 29 stack frames
</div> <!-- stack-trace -->
                </div> <!-- method-content -->
              </div> <!-- method -->
            </div> <!-- main-panel-content rounded-window-bottom -->
          </div> <!-- suite-Regression-class-skipped -->
          <div class="suite-Regression-class-skipped">
            <div class="main-panel-header rounded-window-top">
              <img src="skipped.png"/>
              <span class="class-name">com.automationpractice.ecommerce.testCases.TestCase2LoginUserWithCorrectEmailAndPassword</span>
            </div> <!-- main-panel-header rounded-window-top -->
            <div class="main-panel-content rounded-window-bottom">
              <div class="method">
                <div class="method-content">
                  <a name="testCase2LoginUserWithCorrectEmailAndPassword">
                  </a> <!-- testCase2LoginUserWithCorrectEmailAndPassword -->
                  <span class="method-name">testCase2LoginUserWithCorrectEmailAndPassword</span>
                  <div class="stack-trace">java.lang.NoSuchMethodError: com.google.common.base.Throwables.throwIfUnchecked(Ljava/lang/Throwable;)V
	at org.openqa.selenium.remote.service.DriverCommandExecutor.execute(DriverCommandExecutor.java:91)
	at org.openqa.selenium.remote.RemoteWebDriver.execute(RemoteWebDriver.java:582)
	at org.openqa.selenium.remote.RemoteWebDriver.startSession(RemoteWebDriver.java:216)
	at org.openqa.selenium.remote.RemoteWebDriver.&lt;init&gt;(RemoteWebDriver.java:136)
	at org.openqa.selenium.chromium.ChromiumDriver.&lt;init&gt;(ChromiumDriver.java:75)
	at org.openqa.selenium.chrome.ChromeDriver.&lt;init&gt;(ChromeDriver.java:163)
	at org.openqa.selenium.chrome.ChromeDriver.&lt;init&gt;(ChromeDriver.java:150)
	at org.openqa.selenium.chrome.ChromeDriver.&lt;init&gt;(ChromeDriver.java:105)
	at com.automationpractice.ecommerce.testCases.BaseClass.beforeClass(BaseClass.java:41)
... Removed 29 stack frames
</div> <!-- stack-trace -->
                </div> <!-- method-content -->
              </div> <!-- method -->
            </div> <!-- main-panel-content rounded-window-bottom -->
          </div> <!-- suite-Regression-class-skipped -->
          <div class="suite-Regression-class-skipped">
            <div class="main-panel-header rounded-window-top">
              <img src="skipped.png"/>
              <span class="class-name">com.automationpractice.ecommerce.testCases.TestCase7VerifyTestCasesPage</span>
            </div> <!-- main-panel-header rounded-window-top -->
            <div class="main-panel-content rounded-window-bottom">
              <div class="method">
                <div class="method-content">
                  <a name="testCase7VerifyTestCasesPage">
                  </a> <!-- testCase7VerifyTestCasesPage -->
                  <span class="method-name">testCase7VerifyTestCasesPage</span>
                  <div class="stack-trace">java.lang.NoSuchMethodError: com.google.common.base.Throwables.throwIfUnchecked(Ljava/lang/Throwable;)V
	at org.openqa.selenium.remote.service.DriverCommandExecutor.execute(DriverCommandExecutor.java:91)
	at org.openqa.selenium.remote.RemoteWebDriver.execute(RemoteWebDriver.java:582)
	at org.openqa.selenium.remote.RemoteWebDriver.startSession(RemoteWebDriver.java:216)
	at org.openqa.selenium.remote.RemoteWebDriver.&lt;init&gt;(RemoteWebDriver.java:136)
	at org.openqa.selenium.chromium.ChromiumDriver.&lt;init&gt;(ChromiumDriver.java:75)
	at org.openqa.selenium.chrome.ChromeDriver.&lt;init&gt;(ChromeDriver.java:163)
	at org.openqa.selenium.chrome.ChromeDriver.&lt;init&gt;(ChromeDriver.java:150)
	at org.openqa.selenium.chrome.ChromeDriver.&lt;init&gt;(ChromeDriver.java:105)
	at com.automationpractice.ecommerce.testCases.BaseClass.beforeClass(BaseClass.java:41)
... Removed 29 stack frames
</div> <!-- stack-trace -->
                </div> <!-- method-content -->
              </div> <!-- method -->
            </div> <!-- main-panel-content rounded-window-bottom -->
          </div> <!-- suite-Regression-class-skipped -->
          <div class="suite-Regression-class-skipped">
            <div class="main-panel-header rounded-window-top">
              <img src="skipped.png"/>
              <span class="class-name">com.automationpractice.ecommerce.testCases.TestCase4LogoutUser</span>
            </div> <!-- main-panel-header rounded-window-top -->
            <div class="main-panel-content rounded-window-bottom">
              <div class="method">
                <div class="method-content">
                  <a name="testCase4LogoutUser">
                  </a> <!-- testCase4LogoutUser -->
                  <span class="method-name">testCase4LogoutUser</span>
                  <div class="stack-trace">java.lang.NoSuchMethodError: com.google.common.base.Throwables.throwIfUnchecked(Ljava/lang/Throwable;)V
	at org.openqa.selenium.remote.service.DriverCommandExecutor.execute(DriverCommandExecutor.java:91)
	at org.openqa.selenium.remote.RemoteWebDriver.execute(RemoteWebDriver.java:582)
	at org.openqa.selenium.remote.RemoteWebDriver.startSession(RemoteWebDriver.java:216)
	at org.openqa.selenium.remote.RemoteWebDriver.&lt;init&gt;(RemoteWebDriver.java:136)
	at org.openqa.selenium.chromium.ChromiumDriver.&lt;init&gt;(ChromiumDriver.java:75)
	at org.openqa.selenium.chrome.ChromeDriver.&lt;init&gt;(ChromeDriver.java:163)
	at org.openqa.selenium.chrome.ChromeDriver.&lt;init&gt;(ChromeDriver.java:150)
	at org.openqa.selenium.chrome.ChromeDriver.&lt;init&gt;(ChromeDriver.java:105)
	at com.automationpractice.ecommerce.testCases.BaseClass.beforeClass(BaseClass.java:41)
... Removed 29 stack frames
</div> <!-- stack-trace -->
                </div> <!-- method-content -->
              </div> <!-- method -->
            </div> <!-- main-panel-content rounded-window-bottom -->
          </div> <!-- suite-Regression-class-skipped -->
          <div class="suite-Regression-class-skipped">
            <div class="main-panel-header rounded-window-top">
              <img src="skipped.png"/>
              <span class="class-name">com.automationpractice.ecommerce.testCases.TestCase21AddReviewOnProduct</span>
            </div> <!-- main-panel-header rounded-window-top -->
            <div class="main-panel-content rounded-window-bottom">
              <div class="method">
                <div class="method-content">
                  <a name="testCase21AddReviewOnProductPages">
                  </a> <!-- testCase21AddReviewOnProductPages -->
                  <span class="method-name">testCase21AddReviewOnProductPages</span>
                  <div class="stack-trace">java.lang.NoSuchMethodError: com.google.common.base.Throwables.throwIfUnchecked(Ljava/lang/Throwable;)V
	at org.openqa.selenium.remote.service.DriverCommandExecutor.execute(DriverCommandExecutor.java:91)
	at org.openqa.selenium.remote.RemoteWebDriver.execute(RemoteWebDriver.java:582)
	at org.openqa.selenium.remote.RemoteWebDriver.startSession(RemoteWebDriver.java:216)
	at org.openqa.selenium.remote.RemoteWebDriver.&lt;init&gt;(RemoteWebDriver.java:136)
	at org.openqa.selenium.chromium.ChromiumDriver.&lt;init&gt;(ChromiumDriver.java:75)
	at org.openqa.selenium.chrome.ChromeDriver.&lt;init&gt;(ChromeDriver.java:163)
	at org.openqa.selenium.chrome.ChromeDriver.&lt;init&gt;(ChromeDriver.java:150)
	at org.openqa.selenium.chrome.ChromeDriver.&lt;init&gt;(ChromeDriver.java:105)
	at com.automationpractice.ecommerce.testCases.BaseClass.beforeClass(BaseClass.java:41)
... Removed 28 stack frames
</div> <!-- stack-trace -->
                </div> <!-- method-content -->
              </div> <!-- method -->
            </div> <!-- main-panel-content rounded-window-bottom -->
          </div> <!-- suite-Regression-class-skipped -->
          <div class="suite-Regression-class-skipped">
            <div class="main-panel-header rounded-window-top">
              <img src="skipped.png"/>
              <span class="class-name">com.automationpractice.ecommerce.testCases.TestCase23VerifyAddressDetailsInCheckoutpage</span>
            </div> <!-- main-panel-header rounded-window-top -->
            <div class="main-panel-content rounded-window-bottom">
              <div class="method">
                <div class="method-content">
                  <a name="testCase23VerifyAddressDetailsInCheckoutpagePages">
                  </a> <!-- testCase23VerifyAddressDetailsInCheckoutpagePages -->
                  <span class="method-name">testCase23VerifyAddressDetailsInCheckoutpagePages</span>
                  <div class="stack-trace">java.lang.NoSuchMethodError: com.google.common.base.Throwables.throwIfUnchecked(Ljava/lang/Throwable;)V
	at org.openqa.selenium.remote.service.DriverCommandExecutor.execute(DriverCommandExecutor.java:91)
	at org.openqa.selenium.remote.RemoteWebDriver.execute(RemoteWebDriver.java:582)
	at org.openqa.selenium.remote.RemoteWebDriver.startSession(RemoteWebDriver.java:216)
	at org.openqa.selenium.remote.RemoteWebDriver.&lt;init&gt;(RemoteWebDriver.java:136)
	at org.openqa.selenium.chromium.ChromiumDriver.&lt;init&gt;(ChromiumDriver.java:75)
	at org.openqa.selenium.chrome.ChromeDriver.&lt;init&gt;(ChromeDriver.java:163)
	at org.openqa.selenium.chrome.ChromeDriver.&lt;init&gt;(ChromeDriver.java:150)
	at org.openqa.selenium.chrome.ChromeDriver.&lt;init&gt;(ChromeDriver.java:105)
	at com.automationpractice.ecommerce.testCases.BaseClass.beforeClass(BaseClass.java:41)
... Removed 28 stack frames
</div> <!-- stack-trace -->
                </div> <!-- method-content -->
              </div> <!-- method -->
            </div> <!-- main-panel-content rounded-window-bottom -->
          </div> <!-- suite-Regression-class-skipped -->
          <div class="suite-Regression-class-skipped">
            <div class="main-panel-header rounded-window-top">
              <img src="skipped.png"/>
              <span class="class-name">com.automationpractice.ecommerce.testCases.TestCase18ViewCategoryProducts</span>
            </div> <!-- main-panel-header rounded-window-top -->
            <div class="main-panel-content rounded-window-bottom">
              <div class="method">
                <div class="method-content">
                  <a name="testCase18ViewCategoryProductsPages">
                  </a> <!-- testCase18ViewCategoryProductsPages -->
                  <span class="method-name">testCase18ViewCategoryProductsPages</span>
                  <div class="stack-trace">org.openqa.selenium.WebDriverException: Timed out waiting for driver server to start.
Build info: version: &apos;4.0.0-alpha-6&apos;, revision: &apos;5f43a29cfc&apos;
System info: host: &apos;DESKTOP-C6OQV70&apos;, ip: &apos;192.168.0.193&apos;, os.name: &apos;Windows 11&apos;, os.arch: &apos;amd64&apos;, os.version: &apos;10.0&apos;, java.version: &apos;11.0.14&apos;
Driver info: driver.version: ChromeDriver
	at org.openqa.selenium.remote.service.DriverService.start(DriverService.java:210)
	at org.openqa.selenium.remote.service.DriverCommandExecutor.execute(DriverCommandExecutor.java:79)
	at org.openqa.selenium.remote.RemoteWebDriver.execute(RemoteWebDriver.java:582)
	at org.openqa.selenium.remote.RemoteWebDriver.startSession(RemoteWebDriver.java:216)
	at org.openqa.selenium.remote.RemoteWebDriver.&lt;init&gt;(RemoteWebDriver.java:136)
	at org.openqa.selenium.chromium.ChromiumDriver.&lt;init&gt;(ChromiumDriver.java:75)
	at org.openqa.selenium.chrome.ChromeDriver.&lt;init&gt;(ChromeDriver.java:163)
	at org.openqa.selenium.chrome.ChromeDriver.&lt;init&gt;(ChromeDriver.java:150)
	at org.openqa.selenium.chrome.ChromeDriver.&lt;init&gt;(ChromeDriver.java:105)
	at com.automationpractice.ecommerce.testCases.BaseClass.beforeClass(BaseClass.java:41)
Caused by: java.util.concurrent.ExecutionException: java.lang.RuntimeException: java.lang.InterruptedException
	at java.base/java.util.concurrent.CompletableFuture.reportGet(CompletableFuture.java:395)
	at java.base/java.util.concurrent.CompletableFuture.get(CompletableFuture.java:2022)
	at org.openqa.selenium.remote.service.DriverService.start(DriverService.java:204)
	... 37 more
Caused by: java.lang.RuntimeException: java.lang.InterruptedException
	at org.openqa.selenium.net.UrlChecker.waitUntilAvailable(UrlChecker.java:95)
	at org.openqa.selenium.remote.service.DriverService.waitUntilAvailable(DriverService.java:227)
	at org.openqa.selenium.remote.service.DriverService.lambda$start$0(DriverService.java:193)
	at java.base/java.util.concurrent.CompletableFuture$AsyncSupply.run(CompletableFuture.java:1700)
	at java.base/java.util.concurrent.CompletableFuture$AsyncSupply.exec(CompletableFuture.java:1692)
	at java.base/java.util.concurrent.ForkJoinTask.doExec(ForkJoinTask.java:290)
	at java.base/java.util.concurrent.ForkJoinPool$WorkQueue.topLevelExec(ForkJoinPool.java:1020)
	at java.base/java.util.concurrent.ForkJoinPool.scan(ForkJoinPool.java:1656)
	at java.base/java.util.concurrent.ForkJoinPool.runWorker(ForkJoinPool.java:1594)
	at java.base/java.util.concurrent.ForkJoinWorkerThread.run(ForkJoinWorkerThread.java:183)
Caused by: java.lang.InterruptedException
	at java.base/java.util.concurrent.FutureTask.awaitDone(FutureTask.java:418)
	at java.base/java.util.concurrent.FutureTask.get(FutureTask.java:203)
	at org.openqa.selenium.net.UrlChecker.waitUntilAvailable(UrlChecker.java:88)
	... 9 more
... Removed 28 stack frames
</div> <!-- stack-trace -->
                </div> <!-- method-content -->
              </div> <!-- method -->
            </div> <!-- main-panel-content rounded-window-bottom -->
          </div> <!-- suite-Regression-class-skipped -->
          <div class="suite-Regression-class-skipped">
            <div class="main-panel-header rounded-window-top">
              <img src="skipped.png"/>
              <span class="class-name">com.automationpractice.ecommerce.testCases.TestCase24DownloadInvoiceAfterPurchaseOrder</span>
            </div> <!-- main-panel-header rounded-window-top -->
            <div class="main-panel-content rounded-window-bottom">
              <div class="method">
                <div class="method-content">
                  <a name="testCase24DownloadInvoiceAfterPurchaseOrderPages">
                  </a> <!-- testCase24DownloadInvoiceAfterPurchaseOrderPages -->
                  <span class="method-name">testCase24DownloadInvoiceAfterPurchaseOrderPages</span>
                  <div class="stack-trace">java.lang.NoSuchMethodError: com.google.common.base.Throwables.throwIfUnchecked(Ljava/lang/Throwable;)V
	at org.openqa.selenium.remote.service.DriverCommandExecutor.execute(DriverCommandExecutor.java:91)
	at org.openqa.selenium.remote.RemoteWebDriver.execute(RemoteWebDriver.java:582)
	at org.openqa.selenium.remote.RemoteWebDriver.startSession(RemoteWebDriver.java:216)
	at org.openqa.selenium.remote.RemoteWebDriver.&lt;init&gt;(RemoteWebDriver.java:136)
	at org.openqa.selenium.chromium.ChromiumDriver.&lt;init&gt;(ChromiumDriver.java:75)
	at org.openqa.selenium.chrome.ChromeDriver.&lt;init&gt;(ChromeDriver.java:163)
	at org.openqa.selenium.chrome.ChromeDriver.&lt;init&gt;(ChromeDriver.java:150)
	at org.openqa.selenium.chrome.ChromeDriver.&lt;init&gt;(ChromeDriver.java:105)
	at com.automationpractice.ecommerce.testCases.BaseClass.beforeClass(BaseClass.java:41)
... Removed 28 stack frames
</div> <!-- stack-trace -->
                </div> <!-- method-content -->
              </div> <!-- method -->
            </div> <!-- main-panel-content rounded-window-bottom -->
          </div> <!-- suite-Regression-class-skipped -->
          <div class="suite-Regression-class-skipped">
            <div class="main-panel-header rounded-window-top">
              <img src="skipped.png"/>
              <span class="class-name">com.automationpractice.ecommerce.testCases.TestCase15PlaceOrderRegisterBeforeCheckout</span>
            </div> <!-- main-panel-header rounded-window-top -->
            <div class="main-panel-content rounded-window-bottom">
              <div class="method">
                <div class="method-content">
                  <a name="testCase15PlaceOrderRegisterBeforeCheckoutPages">
                  </a> <!-- testCase15PlaceOrderRegisterBeforeCheckoutPages -->
                  <span class="method-name">testCase15PlaceOrderRegisterBeforeCheckoutPages</span>
                  <div class="stack-trace">java.lang.NoSuchMethodError: com.google.common.base.Throwables.throwIfUnchecked(Ljava/lang/Throwable;)V
	at org.openqa.selenium.remote.service.DriverCommandExecutor.execute(DriverCommandExecutor.java:91)
	at org.openqa.selenium.remote.RemoteWebDriver.execute(RemoteWebDriver.java:582)
	at org.openqa.selenium.remote.RemoteWebDriver.startSession(RemoteWebDriver.java:216)
	at org.openqa.selenium.remote.RemoteWebDriver.&lt;init&gt;(RemoteWebDriver.java:136)
	at org.openqa.selenium.chromium.ChromiumDriver.&lt;init&gt;(ChromiumDriver.java:75)
	at org.openqa.selenium.chrome.ChromeDriver.&lt;init&gt;(ChromeDriver.java:163)
	at org.openqa.selenium.chrome.ChromeDriver.&lt;init&gt;(ChromeDriver.java:150)
	at org.openqa.selenium.chrome.ChromeDriver.&lt;init&gt;(ChromeDriver.java:105)
	at com.automationpractice.ecommerce.testCases.BaseClass.beforeClass(BaseClass.java:41)
... Removed 29 stack frames
</div> <!-- stack-trace -->
                </div> <!-- method-content -->
              </div> <!-- method -->
            </div> <!-- main-panel-content rounded-window-bottom -->
          </div> <!-- suite-Regression-class-skipped -->
          <div class="suite-Regression-class-skipped">
            <div class="main-panel-header rounded-window-top">
              <img src="skipped.png"/>
              <span class="class-name">com.automationpractice.ecommerce.testCases.TestCase6ContactUsForm</span>
            </div> <!-- main-panel-header rounded-window-top -->
            <div class="main-panel-content rounded-window-bottom">
              <div class="method">
                <div class="method-content">
                  <a name="testCase6ContactUsForm">
                  </a> <!-- testCase6ContactUsForm -->
                  <span class="method-name">testCase6ContactUsForm</span>
                  <div class="stack-trace">java.lang.NoSuchMethodError: com.google.common.base.Throwables.throwIfUnchecked(Ljava/lang/Throwable;)V
	at org.openqa.selenium.remote.service.DriverCommandExecutor.execute(DriverCommandExecutor.java:91)
	at org.openqa.selenium.remote.RemoteWebDriver.execute(RemoteWebDriver.java:582)
	at org.openqa.selenium.remote.RemoteWebDriver.startSession(RemoteWebDriver.java:216)
	at org.openqa.selenium.remote.RemoteWebDriver.&lt;init&gt;(RemoteWebDriver.java:136)
	at org.openqa.selenium.chromium.ChromiumDriver.&lt;init&gt;(ChromiumDriver.java:75)
	at org.openqa.selenium.chrome.ChromeDriver.&lt;init&gt;(ChromeDriver.java:163)
	at org.openqa.selenium.chrome.ChromeDriver.&lt;init&gt;(ChromeDriver.java:150)
	at org.openqa.selenium.chrome.ChromeDriver.&lt;init&gt;(ChromeDriver.java:105)
	at com.automationpractice.ecommerce.testCases.BaseClass.beforeClass(BaseClass.java:41)
... Removed 29 stack frames
</div> <!-- stack-trace -->
                </div> <!-- method-content -->
              </div> <!-- method -->
            </div> <!-- main-panel-content rounded-window-bottom -->
          </div> <!-- suite-Regression-class-skipped -->
          <div class="suite-Regression-class-skipped">
            <div class="main-panel-header rounded-window-top">
              <img src="skipped.png"/>
              <span class="class-name">com.automationpractice.ecommerce.testCases.TestCase13VerifyProductQuantityInCart</span>
            </div> <!-- main-panel-header rounded-window-top -->
            <div class="main-panel-content rounded-window-bottom">
              <div class="method">
                <div class="method-content">
                  <a name="testCase13VerifyProductQuantityInCartPages">
                  </a> <!-- testCase13VerifyProductQuantityInCartPages -->
                  <span class="method-name">testCase13VerifyProductQuantityInCartPages</span>
                  <div class="stack-trace">java.lang.NoSuchMethodError: com.google.common.base.Throwables.throwIfUnchecked(Ljava/lang/Throwable;)V
	at org.openqa.selenium.remote.service.DriverCommandExecutor.execute(DriverCommandExecutor.java:91)
	at org.openqa.selenium.remote.RemoteWebDriver.execute(RemoteWebDriver.java:582)
	at org.openqa.selenium.remote.RemoteWebDriver.startSession(RemoteWebDriver.java:216)
	at org.openqa.selenium.remote.RemoteWebDriver.&lt;init&gt;(RemoteWebDriver.java:136)
	at org.openqa.selenium.chromium.ChromiumDriver.&lt;init&gt;(ChromiumDriver.java:75)
	at org.openqa.selenium.chrome.ChromeDriver.&lt;init&gt;(ChromeDriver.java:163)
	at org.openqa.selenium.chrome.ChromeDriver.&lt;init&gt;(ChromeDriver.java:150)
	at org.openqa.selenium.chrome.ChromeDriver.&lt;init&gt;(ChromeDriver.java:105)
	at com.automationpractice.ecommerce.testCases.BaseClass.beforeClass(BaseClass.java:41)
... Removed 29 stack frames
</div> <!-- stack-trace -->
                </div> <!-- method-content -->
              </div> <!-- method -->
            </div> <!-- main-panel-content rounded-window-bottom -->
          </div> <!-- suite-Regression-class-skipped -->
          <div class="suite-Regression-class-skipped">
            <div class="main-panel-header rounded-window-top">
              <img src="skipped.png"/>
              <span class="class-name">com.automationpractice.ecommerce.testCases.TestCase14PlaceOrderRegisterWhileCheckout</span>
            </div> <!-- main-panel-header rounded-window-top -->
            <div class="main-panel-content rounded-window-bottom">
              <div class="method">
                <div class="method-content">
                  <a name="testCase14PlaceOrderRegisterWhileCheckoutPages">
                  </a> <!-- testCase14PlaceOrderRegisterWhileCheckoutPages -->
                  <span class="method-name">testCase14PlaceOrderRegisterWhileCheckoutPages</span>
                  <div class="stack-trace">java.lang.NoSuchMethodError: com.google.common.base.Throwables.throwIfUnchecked(Ljava/lang/Throwable;)V
	at org.openqa.selenium.remote.service.DriverCommandExecutor.execute(DriverCommandExecutor.java:91)
	at org.openqa.selenium.remote.RemoteWebDriver.execute(RemoteWebDriver.java:582)
	at org.openqa.selenium.remote.RemoteWebDriver.startSession(RemoteWebDriver.java:216)
	at org.openqa.selenium.remote.RemoteWebDriver.&lt;init&gt;(RemoteWebDriver.java:136)
	at org.openqa.selenium.chromium.ChromiumDriver.&lt;init&gt;(ChromiumDriver.java:75)
	at org.openqa.selenium.chrome.ChromeDriver.&lt;init&gt;(ChromeDriver.java:163)
	at org.openqa.selenium.chrome.ChromeDriver.&lt;init&gt;(ChromeDriver.java:150)
	at org.openqa.selenium.chrome.ChromeDriver.&lt;init&gt;(ChromeDriver.java:105)
	at com.automationpractice.ecommerce.testCases.BaseClass.beforeClass(BaseClass.java:41)
... Removed 29 stack frames
</div> <!-- stack-trace -->
                </div> <!-- method-content -->
              </div> <!-- method -->
            </div> <!-- main-panel-content rounded-window-bottom -->
          </div> <!-- suite-Regression-class-skipped -->
          <div class="suite-Regression-class-skipped">
            <div class="main-panel-header rounded-window-top">
              <img src="skipped.png"/>
              <span class="class-name">com.automationpractice.ecommerce.testCases.TestCase16PlaceOrderLoginBeforeCheckout</span>
            </div> <!-- main-panel-header rounded-window-top -->
            <div class="main-panel-content rounded-window-bottom">
              <div class="method">
                <div class="method-content">
                  <a name="testCase16PlaceOrderLoginBeforeCheckoutPages">
                  </a> <!-- testCase16PlaceOrderLoginBeforeCheckoutPages -->
                  <span class="method-name">testCase16PlaceOrderLoginBeforeCheckoutPages</span>
                  <div class="stack-trace">org.openqa.selenium.WebDriverException: Timed out waiting for driver server to start.
Build info: version: &apos;4.0.0-alpha-6&apos;, revision: &apos;5f43a29cfc&apos;
System info: host: &apos;DESKTOP-C6OQV70&apos;, ip: &apos;192.168.0.193&apos;, os.name: &apos;Windows 11&apos;, os.arch: &apos;amd64&apos;, os.version: &apos;10.0&apos;, java.version: &apos;11.0.14&apos;
Driver info: driver.version: ChromeDriver
	at org.openqa.selenium.remote.service.DriverService.start(DriverService.java:210)
	at org.openqa.selenium.remote.service.DriverCommandExecutor.execute(DriverCommandExecutor.java:79)
	at org.openqa.selenium.remote.RemoteWebDriver.execute(RemoteWebDriver.java:582)
	at org.openqa.selenium.remote.RemoteWebDriver.startSession(RemoteWebDriver.java:216)
	at org.openqa.selenium.remote.RemoteWebDriver.&lt;init&gt;(RemoteWebDriver.java:136)
	at org.openqa.selenium.chromium.ChromiumDriver.&lt;init&gt;(ChromiumDriver.java:75)
	at org.openqa.selenium.chrome.ChromeDriver.&lt;init&gt;(ChromeDriver.java:163)
	at org.openqa.selenium.chrome.ChromeDriver.&lt;init&gt;(ChromeDriver.java:150)
	at org.openqa.selenium.chrome.ChromeDriver.&lt;init&gt;(ChromeDriver.java:105)
	at com.automationpractice.ecommerce.testCases.BaseClass.beforeClass(BaseClass.java:41)
Caused by: java.util.concurrent.ExecutionException: java.lang.RuntimeException: java.lang.InterruptedException
	at java.base/java.util.concurrent.CompletableFuture.reportGet(CompletableFuture.java:395)
	at java.base/java.util.concurrent.CompletableFuture.get(CompletableFuture.java:2022)
	at org.openqa.selenium.remote.service.DriverService.start(DriverService.java:204)
	... 38 more
Caused by: java.lang.RuntimeException: java.lang.InterruptedException
	at org.openqa.selenium.net.UrlChecker.waitUntilAvailable(UrlChecker.java:95)
	at org.openqa.selenium.remote.service.DriverService.waitUntilAvailable(DriverService.java:227)
	at org.openqa.selenium.remote.service.DriverService.lambda$start$0(DriverService.java:193)
	at java.base/java.util.concurrent.CompletableFuture$AsyncSupply.run(CompletableFuture.java:1700)
	at java.base/java.util.concurrent.CompletableFuture$AsyncSupply.exec(CompletableFuture.java:1692)
	at java.base/java.util.concurrent.ForkJoinTask.doExec(ForkJoinTask.java:290)
	at java.base/java.util.concurrent.ForkJoinPool$WorkQueue.topLevelExec(ForkJoinPool.java:1020)
	at java.base/java.util.concurrent.ForkJoinPool.scan(ForkJoinPool.java:1656)
	at java.base/java.util.concurrent.ForkJoinPool.runWorker(ForkJoinPool.java:1594)
	at java.base/java.util.concurrent.ForkJoinWorkerThread.run(ForkJoinWorkerThread.java:183)
Caused by: java.lang.InterruptedException
	at java.base/java.util.concurrent.FutureTask.awaitDone(FutureTask.java:418)
	at java.base/java.util.concurrent.FutureTask.get(FutureTask.java:203)
	at org.openqa.selenium.net.UrlChecker.waitUntilAvailable(UrlChecker.java:88)
	... 9 more
... Removed 29 stack frames
</div> <!-- stack-trace -->
                </div> <!-- method-content -->
              </div> <!-- method -->
            </div> <!-- main-panel-content rounded-window-bottom -->
          </div> <!-- suite-Regression-class-skipped -->
          <div class="suite-Regression-class-skipped">
            <div class="main-panel-header rounded-window-top">
              <img src="skipped.png"/>
              <span class="class-name">com.automationpractice.ecommerce.testCases.TestCase26VerifyScrollUpWithoutArrowButtonAndScrollDownFunctionality</span>
            </div> <!-- main-panel-header rounded-window-top -->
            <div class="main-panel-content rounded-window-bottom">
              <div class="method">
                <div class="method-content">
                  <a name="testCase26VerifyScrollUpWithout_Arrow_buttonAndScrollDownFunctionalityPages">
                  </a> <!-- testCase26VerifyScrollUpWithout_Arrow_buttonAndScrollDownFunctionalityPages -->
                  <span class="method-name">testCase26VerifyScrollUpWithout_Arrow_buttonAndScrollDownFunctionalityPages</span>
                  <div class="stack-trace">java.lang.NoSuchMethodError: com.google.common.base.Throwables.throwIfUnchecked(Ljava/lang/Throwable;)V
	at org.openqa.selenium.remote.service.DriverCommandExecutor.execute(DriverCommandExecutor.java:91)
	at org.openqa.selenium.remote.RemoteWebDriver.execute(RemoteWebDriver.java:582)
	at org.openqa.selenium.remote.RemoteWebDriver.startSession(RemoteWebDriver.java:216)
	at org.openqa.selenium.remote.RemoteWebDriver.&lt;init&gt;(RemoteWebDriver.java:136)
	at org.openqa.selenium.chromium.ChromiumDriver.&lt;init&gt;(ChromiumDriver.java:75)
	at org.openqa.selenium.chrome.ChromeDriver.&lt;init&gt;(ChromeDriver.java:163)
	at org.openqa.selenium.chrome.ChromeDriver.&lt;init&gt;(ChromeDriver.java:150)
	at org.openqa.selenium.chrome.ChromeDriver.&lt;init&gt;(ChromeDriver.java:105)
	at com.automationpractice.ecommerce.testCases.BaseClass.beforeClass(BaseClass.java:41)
... Removed 28 stack frames
</div> <!-- stack-trace -->
                </div> <!-- method-content -->
              </div> <!-- method -->
            </div> <!-- main-panel-content rounded-window-bottom -->
          </div> <!-- suite-Regression-class-skipped -->
          <div class="suite-Regression-class-skipped">
            <div class="main-panel-header rounded-window-top">
              <img src="skipped.png"/>
              <span class="class-name">com.automationpractice.ecommerce.testCases.TestCase10VerifySubscriptionInHomepage</span>
            </div> <!-- main-panel-header rounded-window-top -->
            <div class="main-panel-content rounded-window-bottom">
              <div class="method">
                <div class="method-content">
                  <a name="testCase10VerifySubscriptionInHomepage">
                  </a> <!-- testCase10VerifySubscriptionInHomepage -->
                  <span class="method-name">testCase10VerifySubscriptionInHomepage</span>
                  <div class="stack-trace">java.lang.NoSuchMethodError: com.google.common.base.Throwables.throwIfUnchecked(Ljava/lang/Throwable;)V
	at org.openqa.selenium.remote.service.DriverCommandExecutor.execute(DriverCommandExecutor.java:91)
	at org.openqa.selenium.remote.RemoteWebDriver.execute(RemoteWebDriver.java:582)
	at org.openqa.selenium.remote.RemoteWebDriver.startSession(RemoteWebDriver.java:216)
	at org.openqa.selenium.remote.RemoteWebDriver.&lt;init&gt;(RemoteWebDriver.java:136)
	at org.openqa.selenium.chromium.ChromiumDriver.&lt;init&gt;(ChromiumDriver.java:75)
	at org.openqa.selenium.chrome.ChromeDriver.&lt;init&gt;(ChromeDriver.java:163)
	at org.openqa.selenium.chrome.ChromeDriver.&lt;init&gt;(ChromeDriver.java:150)
	at org.openqa.selenium.chrome.ChromeDriver.&lt;init&gt;(ChromeDriver.java:105)
	at com.automationpractice.ecommerce.testCases.BaseClass.beforeClass(BaseClass.java:41)
... Removed 29 stack frames
</div> <!-- stack-trace -->
                </div> <!-- method-content -->
              </div> <!-- method -->
            </div> <!-- main-panel-content rounded-window-bottom -->
          </div> <!-- suite-Regression-class-skipped -->
          <div class="suite-Regression-class-skipped">
            <div class="main-panel-header rounded-window-top">
              <img src="skipped.png"/>
              <span class="class-name">com.automationpractice.ecommerce.testCases.TestCase5RegisterUserWithExistingEmail</span>
            </div> <!-- main-panel-header rounded-window-top -->
            <div class="main-panel-content rounded-window-bottom">
              <div class="method">
                <div class="method-content">
                  <a name="testCase5RegisterUserWithExistingEmail">
                  </a> <!-- testCase5RegisterUserWithExistingEmail -->
                  <span class="method-name">testCase5RegisterUserWithExistingEmail</span>
                  <div class="stack-trace">java.lang.NoSuchMethodError: com.google.common.base.Throwables.throwIfUnchecked(Ljava/lang/Throwable;)V
	at org.openqa.selenium.remote.service.DriverCommandExecutor.execute(DriverCommandExecutor.java:91)
	at org.openqa.selenium.remote.RemoteWebDriver.execute(RemoteWebDriver.java:582)
	at org.openqa.selenium.remote.RemoteWebDriver.startSession(RemoteWebDriver.java:216)
	at org.openqa.selenium.remote.RemoteWebDriver.&lt;init&gt;(RemoteWebDriver.java:136)
	at org.openqa.selenium.chromium.ChromiumDriver.&lt;init&gt;(ChromiumDriver.java:75)
	at org.openqa.selenium.chrome.ChromeDriver.&lt;init&gt;(ChromeDriver.java:163)
	at org.openqa.selenium.chrome.ChromeDriver.&lt;init&gt;(ChromeDriver.java:150)
	at org.openqa.selenium.chrome.ChromeDriver.&lt;init&gt;(ChromeDriver.java:105)
	at com.automationpractice.ecommerce.testCases.BaseClass.beforeClass(BaseClass.java:41)
... Removed 29 stack frames
</div> <!-- stack-trace -->
                </div> <!-- method-content -->
              </div> <!-- method -->
            </div> <!-- main-panel-content rounded-window-bottom -->
          </div> <!-- suite-Regression-class-skipped -->
          <div class="suite-Regression-class-skipped">
            <div class="main-panel-header rounded-window-top">
              <img src="skipped.png"/>
              <span class="class-name">com.automationpractice.ecommerce.testCases.TestCase22AddToCartFromRecommendedItems</span>
            </div> <!-- main-panel-header rounded-window-top -->
            <div class="main-panel-content rounded-window-bottom">
              <div class="method">
                <div class="method-content">
                  <a name="testCase22AddToCartFromRecommendedItems">
                  </a> <!-- testCase22AddToCartFromRecommendedItems -->
                  <span class="method-name">testCase22AddToCartFromRecommendedItems</span>
                  <div class="stack-trace">org.openqa.selenium.WebDriverException: Timed out waiting for driver server to start.
Build info: version: &apos;4.0.0-alpha-6&apos;, revision: &apos;5f43a29cfc&apos;
System info: host: &apos;DESKTOP-C6OQV70&apos;, ip: &apos;192.168.0.193&apos;, os.name: &apos;Windows 11&apos;, os.arch: &apos;amd64&apos;, os.version: &apos;10.0&apos;, java.version: &apos;11.0.14&apos;
Driver info: driver.version: ChromeDriver
	at org.openqa.selenium.remote.service.DriverService.start(DriverService.java:210)
	at org.openqa.selenium.remote.service.DriverCommandExecutor.execute(DriverCommandExecutor.java:79)
	at org.openqa.selenium.remote.RemoteWebDriver.execute(RemoteWebDriver.java:582)
	at org.openqa.selenium.remote.RemoteWebDriver.startSession(RemoteWebDriver.java:216)
	at org.openqa.selenium.remote.RemoteWebDriver.&lt;init&gt;(RemoteWebDriver.java:136)
	at org.openqa.selenium.chromium.ChromiumDriver.&lt;init&gt;(ChromiumDriver.java:75)
	at org.openqa.selenium.chrome.ChromeDriver.&lt;init&gt;(ChromeDriver.java:163)
	at org.openqa.selenium.chrome.ChromeDriver.&lt;init&gt;(ChromeDriver.java:150)
	at org.openqa.selenium.chrome.ChromeDriver.&lt;init&gt;(ChromeDriver.java:105)
	at com.automationpractice.ecommerce.testCases.BaseClass.beforeClass(BaseClass.java:41)
Caused by: java.util.concurrent.ExecutionException: org.openqa.selenium.WebDriverException: java.lang.InterruptedException
Build info: version: &apos;4.0.0-alpha-6&apos;, revision: &apos;5f43a29cfc&apos;
System info: host: &apos;DESKTOP-C6OQV70&apos;, ip: &apos;192.168.0.193&apos;, os.name: &apos;Windows 11&apos;, os.arch: &apos;amd64&apos;, os.version: &apos;10.0&apos;, java.version: &apos;11.0.14&apos;
Driver info: driver.version: unknown
	at java.base/java.util.concurrent.CompletableFuture.reportGet(CompletableFuture.java:395)
	at java.base/java.util.concurrent.CompletableFuture.get(CompletableFuture.java:2022)
	at org.openqa.selenium.remote.service.DriverService.start(DriverService.java:204)
	... 37 more
Caused by: org.openqa.selenium.WebDriverException: java.lang.InterruptedException
Build info: version: &apos;4.0.0-alpha-6&apos;, revision: &apos;5f43a29cfc&apos;
System info: host: &apos;DESKTOP-C6OQV70&apos;, ip: &apos;192.168.0.193&apos;, os.name: &apos;Windows 11&apos;, os.arch: &apos;amd64&apos;, os.version: &apos;10.0&apos;, java.version: &apos;11.0.14&apos;
Driver info: driver.version: unknown
	at org.openqa.selenium.os.CommandLine.waitFor(CommandLine.java:130)
	at org.openqa.selenium.remote.service.DriverService.lambda$start$1(DriverService.java:198)
	at java.base/java.util.concurrent.CompletableFuture$AsyncSupply.run(CompletableFuture.java:1700)
	at java.base/java.util.concurrent.CompletableFuture$AsyncSupply.exec(CompletableFuture.java:1692)
	at java.base/java.util.concurrent.ForkJoinTask.doExec(ForkJoinTask.java:290)
	at java.base/java.util.concurrent.ForkJoinPool$WorkQueue.topLevelExec(ForkJoinPool.java:1020)
	at java.base/java.util.concurrent.ForkJoinPool.scan(ForkJoinPool.java:1656)
	at java.base/java.util.concurrent.ForkJoinPool.runWorker(ForkJoinPool.java:1594)
	at java.base/java.util.concurrent.ForkJoinWorkerThread.run(ForkJoinWorkerThread.java:183)
Caused by: java.lang.InterruptedException
	at org.openqa.selenium.os.OsProcess.waitFor(OsProcess.java:162)
	at org.openqa.selenium.os.CommandLine.waitFor(CommandLine.java:127)
	... 8 more
... Removed 28 stack frames
</div> <!-- stack-trace -->
                </div> <!-- method-content -->
              </div> <!-- method -->
            </div> <!-- main-panel-content rounded-window-bottom -->
          </div> <!-- suite-Regression-class-skipped -->
          <div class="suite-Regression-class-skipped">
            <div class="main-panel-header rounded-window-top">
              <img src="skipped.png"/>
              <span class="class-name">com.automationpractice.ecommerce.testCases.TestCase12AddProductsInCart</span>
            </div> <!-- main-panel-header rounded-window-top -->
            <div class="main-panel-content rounded-window-bottom">
              <div class="method">
                <div class="method-content">
                  <a name="testCase12AddProductsInCart">
                  </a> <!-- testCase12AddProductsInCart -->
                  <span class="method-name">testCase12AddProductsInCart</span>
                  <div class="stack-trace">java.lang.NoSuchMethodError: com.google.common.base.Throwables.throwIfUnchecked(Ljava/lang/Throwable;)V
	at org.openqa.selenium.remote.service.DriverCommandExecutor.execute(DriverCommandExecutor.java:91)
	at org.openqa.selenium.remote.RemoteWebDriver.execute(RemoteWebDriver.java:582)
	at org.openqa.selenium.remote.RemoteWebDriver.startSession(RemoteWebDriver.java:216)
	at org.openqa.selenium.remote.RemoteWebDriver.&lt;init&gt;(RemoteWebDriver.java:136)
	at org.openqa.selenium.chromium.ChromiumDriver.&lt;init&gt;(ChromiumDriver.java:75)
	at org.openqa.selenium.chrome.ChromeDriver.&lt;init&gt;(ChromeDriver.java:163)
	at org.openqa.selenium.chrome.ChromeDriver.&lt;init&gt;(ChromeDriver.java:150)
	at org.openqa.selenium.chrome.ChromeDriver.&lt;init&gt;(ChromeDriver.java:105)
	at com.automationpractice.ecommerce.testCases.BaseClass.beforeClass(BaseClass.java:41)
... Removed 29 stack frames
</div> <!-- stack-trace -->
                </div> <!-- method-content -->
              </div> <!-- method -->
            </div> <!-- main-panel-content rounded-window-bottom -->
          </div> <!-- suite-Regression-class-skipped -->
          <div class="suite-Regression-class-skipped">
            <div class="main-panel-header rounded-window-top">
              <img src="skipped.png"/>
              <span class="class-name">com.automationpractice.ecommerce.testCases.TestCase9SearchProduct</span>
            </div> <!-- main-panel-header rounded-window-top -->
            <div class="main-panel-content rounded-window-bottom">
              <div class="method">
                <div class="method-content">
                  <a name="testCase9SearchProduct">
                  </a> <!-- testCase9SearchProduct -->
                  <span class="method-name">testCase9SearchProduct</span>
                  <div class="stack-trace">java.lang.NoSuchMethodError: com.google.common.base.Throwables.throwIfUnchecked(Ljava/lang/Throwable;)V
	at org.openqa.selenium.remote.service.DriverCommandExecutor.execute(DriverCommandExecutor.java:91)
	at org.openqa.selenium.remote.RemoteWebDriver.execute(RemoteWebDriver.java:582)
	at org.openqa.selenium.remote.RemoteWebDriver.startSession(RemoteWebDriver.java:216)
	at org.openqa.selenium.remote.RemoteWebDriver.&lt;init&gt;(RemoteWebDriver.java:136)
	at org.openqa.selenium.chromium.ChromiumDriver.&lt;init&gt;(ChromiumDriver.java:75)
	at org.openqa.selenium.chrome.ChromeDriver.&lt;init&gt;(ChromeDriver.java:163)
	at org.openqa.selenium.chrome.ChromeDriver.&lt;init&gt;(ChromeDriver.java:150)
	at org.openqa.selenium.chrome.ChromeDriver.&lt;init&gt;(ChromeDriver.java:105)
	at com.automationpractice.ecommerce.testCases.BaseClass.beforeClass(BaseClass.java:41)
... Removed 29 stack frames
</div> <!-- stack-trace -->
                </div> <!-- method-content -->
              </div> <!-- method -->
            </div> <!-- main-panel-content rounded-window-bottom -->
          </div> <!-- suite-Regression-class-skipped -->
          <div class="suite-Regression-class-skipped">
            <div class="main-panel-header rounded-window-top">
              <img src="skipped.png"/>
              <span class="class-name">com.automationpractice.ecommerce.testCases.TestCase20SearchProductsAndVerifyCartAfterLogin</span>
            </div> <!-- main-panel-header rounded-window-top -->
            <div class="main-panel-content rounded-window-bottom">
              <div class="method">
                <div class="method-content">
                  <a name="testCase20SearchProductsAndVerifyCartAfterLoginPages">
                  </a> <!-- testCase20SearchProductsAndVerifyCartAfterLoginPages -->
                  <span class="method-name">testCase20SearchProductsAndVerifyCartAfterLoginPages</span>
                  <div class="stack-trace">java.lang.NoSuchMethodError: com.google.common.base.Throwables.throwIfUnchecked(Ljava/lang/Throwable;)V
	at org.openqa.selenium.remote.service.DriverCommandExecutor.execute(DriverCommandExecutor.java:91)
	at org.openqa.selenium.remote.RemoteWebDriver.execute(RemoteWebDriver.java:582)
	at org.openqa.selenium.remote.RemoteWebDriver.startSession(RemoteWebDriver.java:216)
	at org.openqa.selenium.remote.RemoteWebDriver.&lt;init&gt;(RemoteWebDriver.java:136)
	at org.openqa.selenium.chromium.ChromiumDriver.&lt;init&gt;(ChromiumDriver.java:75)
	at org.openqa.selenium.chrome.ChromeDriver.&lt;init&gt;(ChromeDriver.java:163)
	at org.openqa.selenium.chrome.ChromeDriver.&lt;init&gt;(ChromeDriver.java:150)
	at org.openqa.selenium.chrome.ChromeDriver.&lt;init&gt;(ChromeDriver.java:105)
	at com.automationpractice.ecommerce.testCases.BaseClass.beforeClass(BaseClass.java:41)
... Removed 28 stack frames
</div> <!-- stack-trace -->
                </div> <!-- method-content -->
              </div> <!-- method -->
            </div> <!-- main-panel-content rounded-window-bottom -->
          </div> <!-- suite-Regression-class-skipped -->
          <div class="suite-Regression-class-skipped">
            <div class="main-panel-header rounded-window-top">
              <img src="skipped.png"/>
              <span class="class-name">com.automationpractice.ecommerce.testCases.TestCase11VerifySubscriptionInCartpagePages_TC</span>
            </div> <!-- main-panel-header rounded-window-top -->
            <div class="main-panel-content rounded-window-bottom">
              <div class="method">
                <div class="method-content">
                  <a name="testCase11VerifySubscriptionInCartpagePages_TC">
                  </a> <!-- testCase11VerifySubscriptionInCartpagePages_TC -->
                  <span class="method-name">testCase11VerifySubscriptionInCartpagePages_TC</span>
                  <div class="stack-trace">java.lang.NoSuchMethodError: com.google.common.base.Throwables.throwIfUnchecked(Ljava/lang/Throwable;)V
	at org.openqa.selenium.remote.service.DriverCommandExecutor.execute(DriverCommandExecutor.java:91)
	at org.openqa.selenium.remote.RemoteWebDriver.execute(RemoteWebDriver.java:582)
	at org.openqa.selenium.remote.RemoteWebDriver.startSession(RemoteWebDriver.java:216)
	at org.openqa.selenium.remote.RemoteWebDriver.&lt;init&gt;(RemoteWebDriver.java:136)
	at org.openqa.selenium.chromium.ChromiumDriver.&lt;init&gt;(ChromiumDriver.java:75)
	at org.openqa.selenium.chrome.ChromeDriver.&lt;init&gt;(ChromeDriver.java:163)
	at org.openqa.selenium.chrome.ChromeDriver.&lt;init&gt;(ChromeDriver.java:150)
	at org.openqa.selenium.chrome.ChromeDriver.&lt;init&gt;(ChromeDriver.java:105)
	at com.automationpractice.ecommerce.testCases.BaseClass.beforeClass(BaseClass.java:41)
... Removed 29 stack frames
</div> <!-- stack-trace -->
                </div> <!-- method-content -->
              </div> <!-- method -->
            </div> <!-- main-panel-content rounded-window-bottom -->
          </div> <!-- suite-Regression-class-skipped -->
          <div class="suite-Regression-class-skipped">
            <div class="main-panel-header rounded-window-top">
              <img src="skipped.png"/>
              <span class="class-name">com.automationpractice.ecommerce.testCases.TestCase17RemoveProductsFromCart</span>
            </div> <!-- main-panel-header rounded-window-top -->
            <div class="main-panel-content rounded-window-bottom">
              <div class="method">
                <div class="method-content">
                  <a name="testCase17RemoveProductsFromCartPages">
                  </a> <!-- testCase17RemoveProductsFromCartPages -->
                  <span class="method-name">testCase17RemoveProductsFromCartPages</span>
                  <div class="stack-trace">java.lang.NoSuchMethodError: com.google.common.base.Throwables.throwIfUnchecked(Ljava/lang/Throwable;)V
	at org.openqa.selenium.remote.service.DriverCommandExecutor.execute(DriverCommandExecutor.java:91)
	at org.openqa.selenium.remote.RemoteWebDriver.execute(RemoteWebDriver.java:582)
	at org.openqa.selenium.remote.RemoteWebDriver.startSession(RemoteWebDriver.java:216)
	at org.openqa.selenium.remote.RemoteWebDriver.&lt;init&gt;(RemoteWebDriver.java:136)
	at org.openqa.selenium.chromium.ChromiumDriver.&lt;init&gt;(ChromiumDriver.java:75)
	at org.openqa.selenium.chrome.ChromeDriver.&lt;init&gt;(ChromeDriver.java:163)
	at org.openqa.selenium.chrome.ChromeDriver.&lt;init&gt;(ChromeDriver.java:150)
	at org.openqa.selenium.chrome.ChromeDriver.&lt;init&gt;(ChromeDriver.java:105)
	at com.automationpractice.ecommerce.testCases.BaseClass.beforeClass(BaseClass.java:41)
... Removed 28 stack frames
</div> <!-- stack-trace -->
                </div> <!-- method-content -->
              </div> <!-- method -->
            </div> <!-- main-panel-content rounded-window-bottom -->
          </div> <!-- suite-Regression-class-skipped -->
        </div> <!-- panel Regression -->
        <div panel-name="test-xml-Regression" class="panel">
          <div class="main-panel-header rounded-window-top">
            <span class="header-content">E:\Github\SeleniumAutomationPractice\ecommerce\testngSuite.xml</span>
          </div> <!-- main-panel-header rounded-window-top -->
          <div class="main-panel-content rounded-window-bottom">
            <pre>
&lt;?xml version=&quot;1.0&quot; encoding=&quot;UTF-8&quot;?&gt;
&lt;!DOCTYPE suite SYSTEM &quot;http://testng.org/testng-1.0.dtd&quot;&gt;
&lt;suite name=&quot;Regression&quot; verbose=&quot;0&quot;&gt;
  &lt;test thread-count=&quot;5&quot; name=&quot;UITest&quot; verbose=&quot;0&quot;&gt;
    &lt;classes&gt;
      &lt;class name=&quot;com.automationpractice.ecommerce.testCases.TestCase1RegisterUser&quot;&gt;
        &lt;methods&gt;
          &lt;include name=&quot;testCase1RegisterUser&quot;/&gt;
        &lt;/methods&gt;
      &lt;/class&gt; &lt;!-- com.automationpractice.ecommerce.testCases.TestCase1RegisterUser --&gt;
      &lt;class name=&quot;com.automationpractice.ecommerce.testCases.TestCase2LoginUserWithCorrectEmailAndPassword&quot;&gt;
        &lt;methods&gt;
          &lt;include name=&quot;testCase2LoginUserWithCorrectEmailAndPassword&quot;/&gt;
        &lt;/methods&gt;
      &lt;/class&gt; &lt;!-- com.automationpractice.ecommerce.testCases.TestCase2LoginUserWithCorrectEmailAndPassword --&gt;
      &lt;class name=&quot;com.automationpractice.ecommerce.testCases.TestCase3LoginUserWithIncorrectEmailAndPassword&quot;&gt;
        &lt;methods&gt;
          &lt;include name=&quot;testCase3LoginUserWithIncorrectEmailAndPassword&quot;/&gt;
        &lt;/methods&gt;
      &lt;/class&gt; &lt;!-- com.automationpractice.ecommerce.testCases.TestCase3LoginUserWithIncorrectEmailAndPassword --&gt;
      &lt;class name=&quot;com.automationpractice.ecommerce.testCases.TestCase4LogoutUser&quot;&gt;
        &lt;methods&gt;
          &lt;include name=&quot;testCase4LogoutUser&quot;/&gt;
        &lt;/methods&gt;
      &lt;/class&gt; &lt;!-- com.automationpractice.ecommerce.testCases.TestCase4LogoutUser --&gt;
      &lt;class name=&quot;com.automationpractice.ecommerce.testCases.TestCase5RegisterUserWithExistingEmail&quot;&gt;
        &lt;methods&gt;
          &lt;include name=&quot;testCase5RegisterUserWithExistingEmail&quot;/&gt;
        &lt;/methods&gt;
      &lt;/class&gt; &lt;!-- com.automationpractice.ecommerce.testCases.TestCase5RegisterUserWithExistingEmail --&gt;
      &lt;class name=&quot;com.automationpractice.ecommerce.testCases.TestCase6ContactUsForm&quot;&gt;
        &lt;methods&gt;
          &lt;include name=&quot;testCase6ContactUsForm&quot;/&gt;
        &lt;/methods&gt;
      &lt;/class&gt; &lt;!-- com.automationpractice.ecommerce.testCases.TestCase6ContactUsForm --&gt;
      &lt;class name=&quot;com.automationpractice.ecommerce.testCases.TestCase7VerifyTestCasesPage&quot;&gt;
        &lt;methods&gt;
          &lt;include name=&quot;testCase7VerifyTestCasesPage&quot;/&gt;
        &lt;/methods&gt;
      &lt;/class&gt; &lt;!-- com.automationpractice.ecommerce.testCases.TestCase7VerifyTestCasesPage --&gt;
      &lt;class name=&quot;com.automationpractice.ecommerce.testCases.TestCase8VerifyAllProductsAndProductDetailPage&quot;&gt;
        &lt;methods&gt;
          &lt;include name=&quot;testCase8VerifyAllProductsAndProductDetailPage&quot;/&gt;
        &lt;/methods&gt;
      &lt;/class&gt; &lt;!-- com.automationpractice.ecommerce.testCases.TestCase8VerifyAllProductsAndProductDetailPage --&gt;
      &lt;class name=&quot;com.automationpractice.ecommerce.testCases.TestCase9SearchProduct&quot;&gt;
        &lt;methods&gt;
          &lt;include name=&quot;testCase9SearchProduct&quot;/&gt;
        &lt;/methods&gt;
      &lt;/class&gt; &lt;!-- com.automationpractice.ecommerce.testCases.TestCase9SearchProduct --&gt;
      &lt;class name=&quot;com.automationpractice.ecommerce.testCases.TestCase10VerifySubscriptionInHomepage&quot;&gt;
        &lt;methods&gt;
          &lt;include name=&quot;testCase10VerifySubscriptionInHomepage&quot;/&gt;
        &lt;/methods&gt;
      &lt;/class&gt; &lt;!-- com.automationpractice.ecommerce.testCases.TestCase10VerifySubscriptionInHomepage --&gt;
      &lt;class name=&quot;com.automationpractice.ecommerce.testCases.TestCase11VerifySubscriptionInCartpagePages_TC&quot;&gt;
        &lt;methods&gt;
          &lt;include name=&quot;testCase11VerifySubscriptionInCartpagePages_TC&quot;/&gt;
        &lt;/methods&gt;
      &lt;/class&gt; &lt;!-- com.automationpractice.ecommerce.testCases.TestCase11VerifySubscriptionInCartpagePages_TC --&gt;
      &lt;class name=&quot;com.automationpractice.ecommerce.testCases.TestCase12AddProductsInCart&quot;&gt;
        &lt;methods&gt;
          &lt;include name=&quot;testCase12AddProductsInCart&quot;/&gt;
        &lt;/methods&gt;
      &lt;/class&gt; &lt;!-- com.automationpractice.ecommerce.testCases.TestCase12AddProductsInCart --&gt;
      &lt;class name=&quot;com.automationpractice.ecommerce.testCases.TestCase13VerifyProductQuantityInCart&quot;&gt;
        &lt;methods&gt;
          &lt;include name=&quot;testCase13VerifyProductQuantityInCartPages&quot;/&gt;
        &lt;/methods&gt;
      &lt;/class&gt; &lt;!-- com.automationpractice.ecommerce.testCases.TestCase13VerifyProductQuantityInCart --&gt;
      &lt;class name=&quot;com.automationpractice.ecommerce.testCases.TestCase14PlaceOrderRegisterWhileCheckout&quot;&gt;
        &lt;methods&gt;
          &lt;include name=&quot;testCase14PlaceOrderRegisterWhileCheckoutPages&quot;/&gt;
        &lt;/methods&gt;
      &lt;/class&gt; &lt;!-- com.automationpractice.ecommerce.testCases.TestCase14PlaceOrderRegisterWhileCheckout --&gt;
      &lt;class name=&quot;com.automationpractice.ecommerce.testCases.TestCase15PlaceOrderRegisterBeforeCheckout&quot;&gt;
        &lt;methods&gt;
          &lt;include name=&quot;testCase15PlaceOrderRegisterBeforeCheckoutPages&quot;/&gt;
        &lt;/methods&gt;
      &lt;/class&gt; &lt;!-- com.automationpractice.ecommerce.testCases.TestCase15PlaceOrderRegisterBeforeCheckout --&gt;
      &lt;class name=&quot;com.automationpractice.ecommerce.testCases.TestCase16PlaceOrderLoginBeforeCheckout&quot;&gt;
        &lt;methods&gt;
          &lt;include name=&quot;testCase16PlaceOrderLoginBeforeCheckoutPages&quot;/&gt;
        &lt;/methods&gt;
      &lt;/class&gt; &lt;!-- com.automationpractice.ecommerce.testCases.TestCase16PlaceOrderLoginBeforeCheckout --&gt;
      &lt;class name=&quot;com.automationpractice.ecommerce.testCases.TestCase17RemoveProductsFromCart&quot;&gt;
        &lt;methods&gt;
          &lt;include name=&quot;testCase17RemoveProductsFromCartPages&quot;/&gt;
        &lt;/methods&gt;
      &lt;/class&gt; &lt;!-- com.automationpractice.ecommerce.testCases.TestCase17RemoveProductsFromCart --&gt;
      &lt;class name=&quot;com.automationpractice.ecommerce.testCases.TestCase18ViewCategoryProducts&quot;&gt;
        &lt;methods&gt;
          &lt;include name=&quot;testCase18ViewCategoryProductsPages&quot;/&gt;
        &lt;/methods&gt;
      &lt;/class&gt; &lt;!-- com.automationpractice.ecommerce.testCases.TestCase18ViewCategoryProducts --&gt;
      &lt;class name=&quot;com.automationpractice.ecommerce.testCases.TestCase19ViewAndCartBrandProducts&quot;&gt;
        &lt;methods&gt;
          &lt;include name=&quot;testCase19ViewAndCartBrandProductsPages&quot;/&gt;
        &lt;/methods&gt;
      &lt;/class&gt; &lt;!-- com.automationpractice.ecommerce.testCases.TestCase19ViewAndCartBrandProducts --&gt;
      &lt;class name=&quot;com.automationpractice.ecommerce.testCases.TestCase20SearchProductsAndVerifyCartAfterLogin&quot;&gt;
        &lt;methods&gt;
          &lt;include name=&quot;testCase20SearchProductsAndVerifyCartAfterLoginPages&quot;/&gt;
        &lt;/methods&gt;
      &lt;/class&gt; &lt;!-- com.automationpractice.ecommerce.testCases.TestCase20SearchProductsAndVerifyCartAfterLogin --&gt;
      &lt;class name=&quot;com.automationpractice.ecommerce.testCases.TestCase21AddReviewOnProduct&quot;&gt;
        &lt;methods&gt;
          &lt;include name=&quot;testCase21AddReviewOnProductPages&quot;/&gt;
        &lt;/methods&gt;
      &lt;/class&gt; &lt;!-- com.automationpractice.ecommerce.testCases.TestCase21AddReviewOnProduct --&gt;
      &lt;class name=&quot;com.automationpractice.ecommerce.testCases.TestCase22AddToCartFromRecommendedItems&quot;&gt;
        &lt;methods&gt;
          &lt;include name=&quot;testCase22AddToCartFromRecommendedItems&quot;/&gt;
        &lt;/methods&gt;
      &lt;/class&gt; &lt;!-- com.automationpractice.ecommerce.testCases.TestCase22AddToCartFromRecommendedItems --&gt;
      &lt;class name=&quot;com.automationpractice.ecommerce.testCases.TestCase23VerifyAddressDetailsInCheckoutpage&quot;&gt;
        &lt;methods&gt;
          &lt;include name=&quot;testCase23VerifyAddressDetailsInCheckoutpagePages&quot;/&gt;
        &lt;/methods&gt;
      &lt;/class&gt; &lt;!-- com.automationpractice.ecommerce.testCases.TestCase23VerifyAddressDetailsInCheckoutpage --&gt;
      &lt;class name=&quot;com.automationpractice.ecommerce.testCases.TestCase24DownloadInvoiceAfterPurchaseOrder&quot;&gt;
        &lt;methods&gt;
          &lt;include name=&quot;testCase24DownloadInvoiceAfterPurchaseOrderPages&quot;/&gt;
        &lt;/methods&gt;
      &lt;/class&gt; &lt;!-- com.automationpractice.ecommerce.testCases.TestCase24DownloadInvoiceAfterPurchaseOrder --&gt;
      &lt;class name=&quot;com.automationpractice.ecommerce.testCases.TestCase25VerifyScrollUpUsingArrowButtonAndScrollDownFunctionality&quot;&gt;
        &lt;methods&gt;
          &lt;include name=&quot;testCase25VerifyScrollUpUsingArrowButtonAndScrollDownFunctionality&quot;/&gt;
        &lt;/methods&gt;
      &lt;/class&gt; &lt;!-- com.automationpractice.ecommerce.testCases.TestCase25VerifyScrollUpUsingArrowButtonAndScrollDownFunctionality --&gt;
      &lt;class name=&quot;com.automationpractice.ecommerce.testCases.TestCase26VerifyScrollUpWithoutArrowButtonAndScrollDownFunctionality&quot;&gt;
        &lt;methods&gt;
          &lt;include name=&quot;testCase26VerifyScrollUpWithout_Arrow_buttonAndScrollDownFunctionalityPages&quot;/&gt;
        &lt;/methods&gt;
      &lt;/class&gt; &lt;!-- com.automationpractice.ecommerce.testCases.TestCase26VerifyScrollUpWithoutArrowButtonAndScrollDownFunctionality --&gt;
    &lt;/classes&gt;
  &lt;/test&gt; &lt;!-- UITest --&gt;
&lt;/suite&gt; &lt;!-- Regression --&gt;
            </pre>
          </div> <!-- main-panel-content rounded-window-bottom -->
        </div> <!-- panel -->
        <div panel-name="testlist-Regression" class="panel">
          <div class="main-panel-header rounded-window-top">
            <span class="header-content">Tests for Regression</span>
          </div> <!-- main-panel-header rounded-window-top -->
          <div class="main-panel-content rounded-window-bottom">
            <ul>
              <li>
                <span class="test-name">UITest (26 classes)</span>
              </li>
            </ul>
          </div> <!-- main-panel-content rounded-window-bottom -->
        </div> <!-- panel -->
        <div panel-name="group-Regression" class="panel">
          <div class="main-panel-header rounded-window-top">
            <span class="header-content">Groups for Regression</span>
          </div> <!-- main-panel-header rounded-window-top -->
          <div class="main-panel-content rounded-window-bottom">
          </div> <!-- main-panel-content rounded-window-bottom -->
        </div> <!-- panel -->
        <div panel-name="times-Regression" class="panel">
          <div class="main-panel-header rounded-window-top">
            <span class="header-content">Times for Regression</span>
          </div> <!-- main-panel-header rounded-window-top -->
          <div class="main-panel-content rounded-window-bottom">
            <div class="times-div">
              <script type="text/javascript">
suiteTableInitFunctions.push('tableData_Regression');
function tableData_Regression() {
var data = new google.visualization.DataTable();
data.addColumn('number', 'Number');
data.addColumn('string', 'Method');
data.addColumn('string', 'Class');
data.addColumn('number', 'Time (ms)');
data.addRows(26);
data.setCell(0, 0, 0)
data.setCell(0, 1, 'testCase20SearchProductsAndVerifyCartAfterLoginPages')
data.setCell(0, 2, 'com.automationpractice.ecommerce.testCases.TestCase20SearchProductsAndVerifyCartAfterLogin')
data.setCell(0, 3, 0);
data.setCell(1, 0, 1)
data.setCell(1, 1, 'testCase4LogoutUser')
data.setCell(1, 2, 'com.automationpractice.ecommerce.testCases.TestCase4LogoutUser')
data.setCell(1, 3, 0);
data.setCell(2, 0, 2)
data.setCell(2, 1, 'testCase23VerifyAddressDetailsInCheckoutpagePages')
data.setCell(2, 2, 'com.automationpractice.ecommerce.testCases.TestCase23VerifyAddressDetailsInCheckoutpage')
data.setCell(2, 3, 0);
data.setCell(3, 0, 3)
data.setCell(3, 1, 'testCase5RegisterUserWithExistingEmail')
data.setCell(3, 2, 'com.automationpractice.ecommerce.testCases.TestCase5RegisterUserWithExistingEmail')
data.setCell(3, 3, 0);
data.setCell(4, 0, 4)
data.setCell(4, 1, 'testCase25VerifyScrollUpUsingArrowButtonAndScrollDownFunctionality')
data.setCell(4, 2, 'com.automationpractice.ecommerce.testCases.TestCase25VerifyScrollUpUsingArrowButtonAndScrollDownFunctionality')
data.setCell(4, 3, 0);
data.setCell(5, 0, 5)
data.setCell(5, 1, 'testCase18ViewCategoryProductsPages')
data.setCell(5, 2, 'com.automationpractice.ecommerce.testCases.TestCase18ViewCategoryProducts')
data.setCell(5, 3, 0);
data.setCell(6, 0, 6)
data.setCell(6, 1, 'testCase17RemoveProductsFromCartPages')
data.setCell(6, 2, 'com.automationpractice.ecommerce.testCases.TestCase17RemoveProductsFromCart')
data.setCell(6, 3, 0);
data.setCell(7, 0, 7)
data.setCell(7, 1, 'testCase9SearchProduct')
data.setCell(7, 2, 'com.automationpractice.ecommerce.testCases.TestCase9SearchProduct')
data.setCell(7, 3, 0);
data.setCell(8, 0, 8)
data.setCell(8, 1, 'testCase2LoginUserWithCorrectEmailAndPassword')
data.setCell(8, 2, 'com.automationpractice.ecommerce.testCases.TestCase2LoginUserWithCorrectEmailAndPassword')
data.setCell(8, 3, 0);
data.setCell(9, 0, 9)
data.setCell(9, 1, 'testCase6ContactUsForm')
data.setCell(9, 2, 'com.automationpractice.ecommerce.testCases.TestCase6ContactUsForm')
data.setCell(9, 3, 0);
data.setCell(10, 0, 10)
data.setCell(10, 1, 'testCase13VerifyProductQuantityInCartPages')
data.setCell(10, 2, 'com.automationpractice.ecommerce.testCases.TestCase13VerifyProductQuantityInCart')
data.setCell(10, 3, 0);
data.setCell(11, 0, 11)
data.setCell(11, 1, 'testCase19ViewAndCartBrandProductsPages')
data.setCell(11, 2, 'com.automationpractice.ecommerce.testCases.TestCase19ViewAndCartBrandProducts')
data.setCell(11, 3, 0);
data.setCell(12, 0, 12)
data.setCell(12, 1, 'testCase7VerifyTestCasesPage')
data.setCell(12, 2, 'com.automationpractice.ecommerce.testCases.TestCase7VerifyTestCasesPage')
data.setCell(12, 3, 0);
data.setCell(13, 0, 13)
data.setCell(13, 1, 'testCase14PlaceOrderRegisterWhileCheckoutPages')
data.setCell(13, 2, 'com.automationpractice.ecommerce.testCases.TestCase14PlaceOrderRegisterWhileCheckout')
data.setCell(13, 3, 0);
data.setCell(14, 0, 14)
data.setCell(14, 1, 'testCase8VerifyAllProductsAndProductDetailPage')
data.setCell(14, 2, 'com.automationpractice.ecommerce.testCases.TestCase8VerifyAllProductsAndProductDetailPage')
data.setCell(14, 3, 0);
data.setCell(15, 0, 15)
data.setCell(15, 1, 'testCase11VerifySubscriptionInCartpagePages_TC')
data.setCell(15, 2, 'com.automationpractice.ecommerce.testCases.TestCase11VerifySubscriptionInCartpagePages_TC')
data.setCell(15, 3, 0);
data.setCell(16, 0, 16)
data.setCell(16, 1, 'testCase24DownloadInvoiceAfterPurchaseOrderPages')
data.setCell(16, 2, 'com.automationpractice.ecommerce.testCases.TestCase24DownloadInvoiceAfterPurchaseOrder')
data.setCell(16, 3, 0);
data.setCell(17, 0, 17)
data.setCell(17, 1, 'testCase21AddReviewOnProductPages')
data.setCell(17, 2, 'com.automationpractice.ecommerce.testCases.TestCase21AddReviewOnProduct')
data.setCell(17, 3, 0);
data.setCell(18, 0, 18)
data.setCell(18, 1, 'testCase12AddProductsInCart')
data.setCell(18, 2, 'com.automationpractice.ecommerce.testCases.TestCase12AddProductsInCart')
data.setCell(18, 3, 0);
data.setCell(19, 0, 19)
data.setCell(19, 1, 'testCase22AddToCartFromRecommendedItems')
data.setCell(19, 2, 'com.automationpractice.ecommerce.testCases.TestCase22AddToCartFromRecommendedItems')
data.setCell(19, 3, 0);
data.setCell(20, 0, 20)
data.setCell(20, 1, 'testCase16PlaceOrderLoginBeforeCheckoutPages')
data.setCell(20, 2, 'com.automationpractice.ecommerce.testCases.TestCase16PlaceOrderLoginBeforeCheckout')
data.setCell(20, 3, 0);
data.setCell(21, 0, 21)
data.setCell(21, 1, 'testCase1RegisterUser')
data.setCell(21, 2, 'com.automationpractice.ecommerce.testCases.TestCase1RegisterUser')
data.setCell(21, 3, 0);
data.setCell(22, 0, 22)
data.setCell(22, 1, 'testCase3LoginUserWithIncorrectEmailAndPassword')
data.setCell(22, 2, 'com.automationpractice.ecommerce.testCases.TestCase3LoginUserWithIncorrectEmailAndPassword')
data.setCell(22, 3, 0);
data.setCell(23, 0, 23)
data.setCell(23, 1, 'testCase10VerifySubscriptionInHomepage')
data.setCell(23, 2, 'com.automationpractice.ecommerce.testCases.TestCase10VerifySubscriptionInHomepage')
data.setCell(23, 3, 0);
data.setCell(24, 0, 24)
data.setCell(24, 1, 'testCase26VerifyScrollUpWithout_Arrow_buttonAndScrollDownFunctionalityPages')
data.setCell(24, 2, 'com.automationpractice.ecommerce.testCases.TestCase26VerifyScrollUpWithoutArrowButtonAndScrollDownFunctionality')
data.setCell(24, 3, 0);
data.setCell(25, 0, 25)
data.setCell(25, 1, 'testCase15PlaceOrderRegisterBeforeCheckoutPages')
data.setCell(25, 2, 'com.automationpractice.ecommerce.testCases.TestCase15PlaceOrderRegisterBeforeCheckout')
data.setCell(25, 3, 0);
window.suiteTableData['Regression']= { tableData: data, tableDiv: 'times-div-Regression'}
return data;
}
              </script>
              <span class="suite-total-time">Total running time: 0 ms</span>
              <div id="times-div-Regression">
              </div> <!-- times-div-Regression -->
            </div> <!-- times-div -->
          </div> <!-- main-panel-content rounded-window-bottom -->
        </div> <!-- panel -->
        <div panel-name="reporter-Regression" class="panel">
          <div class="main-panel-header rounded-window-top">
            <span class="header-content">Reporter output for Regression</span>
          </div> <!-- main-panel-header rounded-window-top -->
          <div class="main-panel-content rounded-window-bottom">
          </div> <!-- main-panel-content rounded-window-bottom -->
        </div> <!-- panel -->
        <div panel-name="ignored-methods-Regression" class="panel">
          <div class="main-panel-header rounded-window-top">
            <span class="header-content">0 ignored methods</span>
          </div> <!-- main-panel-header rounded-window-top -->
          <div class="main-panel-content rounded-window-bottom">
          </div> <!-- main-panel-content rounded-window-bottom -->
        </div> <!-- panel -->
        <div panel-name="chronological-Regression" class="panel">
          <div class="main-panel-header rounded-window-top">
            <span class="header-content">Methods in chronological order</span>
          </div> <!-- main-panel-header rounded-window-top -->
          <div class="main-panel-content rounded-window-bottom">
            <div class="chronological-class">
              <div class="chronological-class-name">com.automationpractice.ecommerce.testCases.TestCase1RegisterUser</div> <!-- chronological-class-name -->
              <div class="test-method">
                <span class="method-name">testCase1RegisterUser</span>
                <span class="method-start">0 ms</span>
              </div> <!-- test-method -->
            </div> <!-- chronological-class -->
            <div class="chronological-class">
              <div class="chronological-class-name">com.automationpractice.ecommerce.testCases.TestCase2LoginUserWithCorrectEmailAndPassword</div> <!-- chronological-class-name -->
              <div class="test-method">
                <span class="method-name">testCase2LoginUserWithCorrectEmailAndPassword</span>
                <span class="method-start">0 ms</span>
              </div> <!-- test-method -->
            </div> <!-- chronological-class -->
            <div class="chronological-class">
              <div class="chronological-class-name">com.automationpractice.ecommerce.testCases.TestCase3LoginUserWithIncorrectEmailAndPassword</div> <!-- chronological-class-name -->
              <div class="test-method">
                <span class="method-name">testCase3LoginUserWithIncorrectEmailAndPassword</span>
                <span class="method-start">0 ms</span>
              </div> <!-- test-method -->
            </div> <!-- chronological-class -->
            <div class="chronological-class">
              <div class="chronological-class-name">com.automationpractice.ecommerce.testCases.TestCase4LogoutUser</div> <!-- chronological-class-name -->
              <div class="test-method">
                <span class="method-name">testCase4LogoutUser</span>
                <span class="method-start">0 ms</span>
              </div> <!-- test-method -->
            </div> <!-- chronological-class -->
            <div class="chronological-class">
              <div class="chronological-class-name">com.automationpractice.ecommerce.testCases.TestCase5RegisterUserWithExistingEmail</div> <!-- chronological-class-name -->
              <div class="test-method">
                <span class="method-name">testCase5RegisterUserWithExistingEmail</span>
                <span class="method-start">0 ms</span>
              </div> <!-- test-method -->
            </div> <!-- chronological-class -->
            <div class="chronological-class">
              <div class="chronological-class-name">com.automationpractice.ecommerce.testCases.TestCase6ContactUsForm</div> <!-- chronological-class-name -->
              <div class="test-method">
                <span class="method-name">testCase6ContactUsForm</span>
                <span class="method-start">0 ms</span>
              </div> <!-- test-method -->
            </div> <!-- chronological-class -->
            <div class="chronological-class">
              <div class="chronological-class-name">com.automationpractice.ecommerce.testCases.TestCase7VerifyTestCasesPage</div> <!-- chronological-class-name -->
              <div class="test-method">
                <span class="method-name">testCase7VerifyTestCasesPage</span>
                <span class="method-start">0 ms</span>
              </div> <!-- test-method -->
            </div> <!-- chronological-class -->
            <div class="chronological-class">
              <div class="chronological-class-name">com.automationpractice.ecommerce.testCases.TestCase8VerifyAllProductsAndProductDetailPage</div> <!-- chronological-class-name -->
              <div class="test-method">
                <span class="method-name">testCase8VerifyAllProductsAndProductDetailPage</span>
                <span class="method-start">0 ms</span>
              </div> <!-- test-method -->
            </div> <!-- chronological-class -->
            <div class="chronological-class">
              <div class="chronological-class-name">com.automationpractice.ecommerce.testCases.TestCase9SearchProduct</div> <!-- chronological-class-name -->
              <div class="test-method">
                <span class="method-name">testCase9SearchProduct</span>
                <span class="method-start">0 ms</span>
              </div> <!-- test-method -->
            </div> <!-- chronological-class -->
            <div class="chronological-class">
              <div class="chronological-class-name">com.automationpractice.ecommerce.testCases.TestCase10VerifySubscriptionInHomepage</div> <!-- chronological-class-name -->
              <div class="test-method">
                <span class="method-name">testCase10VerifySubscriptionInHomepage</span>
                <span class="method-start">0 ms</span>
              </div> <!-- test-method -->
            </div> <!-- chronological-class -->
            <div class="chronological-class">
              <div class="chronological-class-name">com.automationpractice.ecommerce.testCases.TestCase11VerifySubscriptionInCartpagePages_TC</div> <!-- chronological-class-name -->
              <div class="test-method">
                <span class="method-name">testCase11VerifySubscriptionInCartpagePages_TC</span>
                <span class="method-start">0 ms</span>
              </div> <!-- test-method -->
            </div> <!-- chronological-class -->
            <div class="chronological-class">
              <div class="chronological-class-name">com.automationpractice.ecommerce.testCases.TestCase12AddProductsInCart</div> <!-- chronological-class-name -->
              <div class="test-method">
                <span class="method-name">testCase12AddProductsInCart</span>
                <span class="method-start">0 ms</span>
              </div> <!-- test-method -->
            </div> <!-- chronological-class -->
            <div class="chronological-class">
              <div class="chronological-class-name">com.automationpractice.ecommerce.testCases.TestCase13VerifyProductQuantityInCart</div> <!-- chronological-class-name -->
              <div class="test-method">
                <span class="method-name">testCase13VerifyProductQuantityInCartPages</span>
                <span class="method-start">0 ms</span>
              </div> <!-- test-method -->
            </div> <!-- chronological-class -->
            <div class="chronological-class">
              <div class="chronological-class-name">com.automationpractice.ecommerce.testCases.TestCase14PlaceOrderRegisterWhileCheckout</div> <!-- chronological-class-name -->
              <div class="test-method">
                <span class="method-name">testCase14PlaceOrderRegisterWhileCheckoutPages</span>
                <span class="method-start">0 ms</span>
              </div> <!-- test-method -->
            </div> <!-- chronological-class -->
            <div class="chronological-class">
              <div class="chronological-class-name">com.automationpractice.ecommerce.testCases.TestCase15PlaceOrderRegisterBeforeCheckout</div> <!-- chronological-class-name -->
              <div class="test-method">
                <span class="method-name">testCase15PlaceOrderRegisterBeforeCheckoutPages</span>
                <span class="method-start">0 ms</span>
              </div> <!-- test-method -->
            </div> <!-- chronological-class -->
            <div class="chronological-class">
              <div class="chronological-class-name">com.automationpractice.ecommerce.testCases.TestCase16PlaceOrderLoginBeforeCheckout</div> <!-- chronological-class-name -->
              <div class="test-method">
                <span class="method-name">testCase16PlaceOrderLoginBeforeCheckoutPages</span>
                <span class="method-start">0 ms</span>
              </div> <!-- test-method -->
            </div> <!-- chronological-class -->
            <div class="chronological-class">
              <div class="chronological-class-name">com.automationpractice.ecommerce.testCases.TestCase17RemoveProductsFromCart</div> <!-- chronological-class-name -->
              <div class="test-method">
                <span class="method-name">testCase17RemoveProductsFromCartPages</span>
                <span class="method-start">0 ms</span>
              </div> <!-- test-method -->
            </div> <!-- chronological-class -->
            <div class="chronological-class">
              <div class="chronological-class-name">com.automationpractice.ecommerce.testCases.TestCase18ViewCategoryProducts</div> <!-- chronological-class-name -->
              <div class="test-method">
                <span class="method-name">testCase18ViewCategoryProductsPages</span>
                <span class="method-start">0 ms</span>
              </div> <!-- test-method -->
            </div> <!-- chronological-class -->
            <div class="chronological-class">
              <div class="chronological-class-name">com.automationpractice.ecommerce.testCases.TestCase19ViewAndCartBrandProducts</div> <!-- chronological-class-name -->
              <div class="test-method">
                <span class="method-name">testCase19ViewAndCartBrandProductsPages</span>
                <span class="method-start">0 ms</span>
              </div> <!-- test-method -->
            </div> <!-- chronological-class -->
            <div class="chronological-class">
              <div class="chronological-class-name">com.automationpractice.ecommerce.testCases.TestCase20SearchProductsAndVerifyCartAfterLogin</div> <!-- chronological-class-name -->
              <div class="test-method">
                <span class="method-name">testCase20SearchProductsAndVerifyCartAfterLoginPages</span>
                <span class="method-start">0 ms</span>
              </div> <!-- test-method -->
            </div> <!-- chronological-class -->
            <div class="chronological-class">
              <div class="chronological-class-name">com.automationpractice.ecommerce.testCases.TestCase21AddReviewOnProduct</div> <!-- chronological-class-name -->
              <div class="test-method">
                <span class="method-name">testCase21AddReviewOnProductPages</span>
                <span class="method-start">0 ms</span>
              </div> <!-- test-method -->
            </div> <!-- chronological-class -->
            <div class="chronological-class">
              <div class="chronological-class-name">com.automationpractice.ecommerce.testCases.TestCase22AddToCartFromRecommendedItems</div> <!-- chronological-class-name -->
              <div class="test-method">
                <span class="method-name">testCase22AddToCartFromRecommendedItems</span>
                <span class="method-start">0 ms</span>
              </div> <!-- test-method -->
            </div> <!-- chronological-class -->
            <div class="chronological-class">
              <div class="chronological-class-name">com.automationpractice.ecommerce.testCases.TestCase23VerifyAddressDetailsInCheckoutpage</div> <!-- chronological-class-name -->
              <div class="test-method">
                <span class="method-name">testCase23VerifyAddressDetailsInCheckoutpagePages</span>
                <span class="method-start">0 ms</span>
              </div> <!-- test-method -->
            </div> <!-- chronological-class -->
            <div class="chronological-class">
              <div class="chronological-class-name">com.automationpractice.ecommerce.testCases.TestCase24DownloadInvoiceAfterPurchaseOrder</div> <!-- chronological-class-name -->
              <div class="test-method">
                <span class="method-name">testCase24DownloadInvoiceAfterPurchaseOrderPages</span>
                <span class="method-start">0 ms</span>
              </div> <!-- test-method -->
            </div> <!-- chronological-class -->
            <div class="chronological-class">
              <div class="chronological-class-name">com.automationpractice.ecommerce.testCases.TestCase25VerifyScrollUpUsingArrowButtonAndScrollDownFunctionality</div> <!-- chronological-class-name -->
              <div class="test-method">
                <span class="method-name">testCase25VerifyScrollUpUsingArrowButtonAndScrollDownFunctionality</span>
                <span class="method-start">0 ms</span>
              </div> <!-- test-method -->
            </div> <!-- chronological-class -->
            <div class="chronological-class">
              <div class="chronological-class-name">com.automationpractice.ecommerce.testCases.TestCase26VerifyScrollUpWithoutArrowButtonAndScrollDownFunctionality</div> <!-- chronological-class-name -->
              <div class="test-method">
                <span class="method-name">testCase26VerifyScrollUpWithout_Arrow_buttonAndScrollDownFunctionalityPages</span>
                <span class="method-start">0 ms</span>
              </div> <!-- test-method -->
            </div> <!-- chronological-class -->
            <div class="chronological-class">
              <div class="chronological-class-name">com.automationpractice.ecommerce.testCases.TestCase1RegisterUser</div> <!-- chronological-class-name -->
              <div class="configuration-class before">
                <img src="failed.png">
                </img>
                <span class="method-name">beforeClass</span>
                <span class="method-start">0 ms</span>
              </div> <!-- configuration-class before -->
            </div> <!-- chronological-class -->
            <div class="chronological-class">
              <div class="chronological-class-name">com.automationpractice.ecommerce.testCases.TestCase2LoginUserWithCorrectEmailAndPassword</div> <!-- chronological-class-name -->
              <div class="configuration-class before">
                <img src="failed.png">
                </img>
                <span class="method-name">beforeClass</span>
                <span class="method-start">7924 ms</span>
              </div> <!-- configuration-class before -->
            </div> <!-- chronological-class -->
            <div class="chronological-class">
              <div class="chronological-class-name">com.automationpractice.ecommerce.testCases.TestCase3LoginUserWithIncorrectEmailAndPassword</div> <!-- chronological-class-name -->
              <div class="configuration-class before">
                <img src="failed.png">
                </img>
                <span class="method-name">beforeClass</span>
                <span class="method-start">8442 ms</span>
              </div> <!-- configuration-class before -->
            </div> <!-- chronological-class -->
            <div class="chronological-class">
              <div class="chronological-class-name">com.automationpractice.ecommerce.testCases.TestCase4LogoutUser</div> <!-- chronological-class-name -->
              <div class="configuration-class before">
                <img src="failed.png">
                </img>
                <span class="method-name">beforeClass</span>
                <span class="method-start">8961 ms</span>
              </div> <!-- configuration-class before -->
            </div> <!-- chronological-class -->
            <div class="chronological-class">
              <div class="chronological-class-name">com.automationpractice.ecommerce.testCases.TestCase5RegisterUserWithExistingEmail</div> <!-- chronological-class-name -->
              <div class="configuration-class before">
                <img src="failed.png">
                </img>
                <span class="method-name">beforeClass</span>
                <span class="method-start">9482 ms</span>
              </div> <!-- configuration-class before -->
            </div> <!-- chronological-class -->
            <div class="chronological-class">
              <div class="chronological-class-name">com.automationpractice.ecommerce.testCases.TestCase6ContactUsForm</div> <!-- chronological-class-name -->
              <div class="configuration-class before">
                <img src="failed.png">
                </img>
                <span class="method-name">beforeClass</span>
                <span class="method-start">10000 ms</span>
              </div> <!-- configuration-class before -->
            </div> <!-- chronological-class -->
            <div class="chronological-class">
              <div class="chronological-class-name">com.automationpractice.ecommerce.testCases.TestCase7VerifyTestCasesPage</div> <!-- chronological-class-name -->
              <div class="configuration-class before">
                <img src="failed.png">
                </img>
                <span class="method-name">beforeClass</span>
                <span class="method-start">10518 ms</span>
              </div> <!-- configuration-class before -->
            </div> <!-- chronological-class -->
            <div class="chronological-class">
              <div class="chronological-class-name">com.automationpractice.ecommerce.testCases.TestCase8VerifyAllProductsAndProductDetailPage</div> <!-- chronological-class-name -->
              <div class="configuration-class before">
                <img src="failed.png">
                </img>
                <span class="method-name">beforeClass</span>
                <span class="method-start">11045 ms</span>
              </div> <!-- configuration-class before -->
            </div> <!-- chronological-class -->
            <div class="chronological-class">
              <div class="chronological-class-name">com.automationpractice.ecommerce.testCases.TestCase9SearchProduct</div> <!-- chronological-class-name -->
              <div class="configuration-class before">
                <img src="failed.png">
                </img>
                <span class="method-name">beforeClass</span>
                <span class="method-start">11562 ms</span>
              </div> <!-- configuration-class before -->
            </div> <!-- chronological-class -->
            <div class="chronological-class">
              <div class="chronological-class-name">com.automationpractice.ecommerce.testCases.TestCase10VerifySubscriptionInHomepage</div> <!-- chronological-class-name -->
              <div class="configuration-class before">
                <img src="failed.png">
                </img>
                <span class="method-name">beforeClass</span>
                <span class="method-start">12079 ms</span>
              </div> <!-- configuration-class before -->
            </div> <!-- chronological-class -->
            <div class="chronological-class">
              <div class="chronological-class-name">com.automationpractice.ecommerce.testCases.TestCase11VerifySubscriptionInCartpagePages_TC</div> <!-- chronological-class-name -->
              <div class="configuration-class before">
                <img src="failed.png">
                </img>
                <span class="method-name">beforeClass</span>
                <span class="method-start">12586 ms</span>
              </div> <!-- configuration-class before -->
            </div> <!-- chronological-class -->
            <div class="chronological-class">
              <div class="chronological-class-name">com.automationpractice.ecommerce.testCases.TestCase12AddProductsInCart</div> <!-- chronological-class-name -->
              <div class="configuration-class before">
                <img src="failed.png">
                </img>
                <span class="method-name">beforeClass</span>
                <span class="method-start">13104 ms</span>
              </div> <!-- configuration-class before -->
            </div> <!-- chronological-class -->
            <div class="chronological-class">
              <div class="chronological-class-name">com.automationpractice.ecommerce.testCases.TestCase13VerifyProductQuantityInCart</div> <!-- chronological-class-name -->
              <div class="configuration-class before">
                <img src="failed.png">
                </img>
                <span class="method-name">beforeClass</span>
                <span class="method-start">13622 ms</span>
              </div> <!-- configuration-class before -->
            </div> <!-- chronological-class -->
            <div class="chronological-class">
              <div class="chronological-class-name">com.automationpractice.ecommerce.testCases.TestCase14PlaceOrderRegisterWhileCheckout</div> <!-- chronological-class-name -->
              <div class="configuration-class before">
                <img src="failed.png">
                </img>
                <span class="method-name">beforeClass</span>
                <span class="method-start">14139 ms</span>
              </div> <!-- configuration-class before -->
            </div> <!-- chronological-class -->
            <div class="chronological-class">
              <div class="chronological-class-name">com.automationpractice.ecommerce.testCases.TestCase15PlaceOrderRegisterBeforeCheckout</div> <!-- chronological-class-name -->
              <div class="configuration-class before">
                <img src="failed.png">
                </img>
                <span class="method-name">beforeClass</span>
                <span class="method-start">14663 ms</span>
              </div> <!-- configuration-class before -->
            </div> <!-- chronological-class -->
            <div class="chronological-class">
              <div class="chronological-class-name">com.automationpractice.ecommerce.testCases.TestCase16PlaceOrderLoginBeforeCheckout</div> <!-- chronological-class-name -->
              <div class="configuration-class before">
                <img src="failed.png">
                </img>
                <span class="method-name">beforeClass</span>
                <span class="method-start">15168 ms</span>
              </div> <!-- configuration-class before -->
            </div> <!-- chronological-class -->
            <div class="chronological-class">
              <div class="chronological-class-name">com.automationpractice.ecommerce.testCases.TestCase17RemoveProductsFromCart</div> <!-- chronological-class-name -->
              <div class="configuration-class before">
                <img src="failed.png">
                </img>
                <span class="method-name">beforeClass</span>
                <span class="method-start">27384 ms</span>
              </div> <!-- configuration-class before -->
            </div> <!-- chronological-class -->
            <div class="chronological-class">
              <div class="chronological-class-name">com.automationpractice.ecommerce.testCases.TestCase18ViewCategoryProducts</div> <!-- chronological-class-name -->
              <div class="configuration-class before">
                <img src="failed.png">
                </img>
                <span class="method-name">beforeClass</span>
                <span class="method-start">27901 ms</span>
              </div> <!-- configuration-class before -->
            </div> <!-- chronological-class -->
            <div class="chronological-class">
              <div class="chronological-class-name">com.automationpractice.ecommerce.testCases.TestCase19ViewAndCartBrandProducts</div> <!-- chronological-class-name -->
              <div class="configuration-class before">
                <img src="failed.png">
                </img>
                <span class="method-name">beforeClass</span>
                <span class="method-start">27958 ms</span>
              </div> <!-- configuration-class before -->
            </div> <!-- chronological-class -->
            <div class="chronological-class">
              <div class="chronological-class-name">com.automationpractice.ecommerce.testCases.TestCase20SearchProductsAndVerifyCartAfterLogin</div> <!-- chronological-class-name -->
              <div class="configuration-class before">
                <img src="failed.png">
                </img>
                <span class="method-name">beforeClass</span>
                <span class="method-start">28473 ms</span>
              </div> <!-- configuration-class before -->
            </div> <!-- chronological-class -->
            <div class="chronological-class">
              <div class="chronological-class-name">com.automationpractice.ecommerce.testCases.TestCase21AddReviewOnProduct</div> <!-- chronological-class-name -->
              <div class="configuration-class before">
                <img src="failed.png">
                </img>
                <span class="method-name">beforeClass</span>
                <span class="method-start">28992 ms</span>
              </div> <!-- configuration-class before -->
            </div> <!-- chronological-class -->
            <div class="chronological-class">
              <div class="chronological-class-name">com.automationpractice.ecommerce.testCases.TestCase22AddToCartFromRecommendedItems</div> <!-- chronological-class-name -->
              <div class="configuration-class before">
                <img src="failed.png">
                </img>
                <span class="method-name">beforeClass</span>
                <span class="method-start">29509 ms</span>
              </div> <!-- configuration-class before -->
            </div> <!-- chronological-class -->
            <div class="chronological-class">
              <div class="chronological-class-name">com.automationpractice.ecommerce.testCases.TestCase23VerifyAddressDetailsInCheckoutpage</div> <!-- chronological-class-name -->
              <div class="configuration-class before">
                <img src="failed.png">
                </img>
                <span class="method-name">beforeClass</span>
                <span class="method-start">29514 ms</span>
              </div> <!-- configuration-class before -->
            </div> <!-- chronological-class -->
            <div class="chronological-class">
              <div class="chronological-class-name">com.automationpractice.ecommerce.testCases.TestCase24DownloadInvoiceAfterPurchaseOrder</div> <!-- chronological-class-name -->
              <div class="configuration-class before">
                <img src="failed.png">
                </img>
                <span class="method-name">beforeClass</span>
                <span class="method-start">30031 ms</span>
              </div> <!-- configuration-class before -->
            </div> <!-- chronological-class -->
            <div class="chronological-class">
              <div class="chronological-class-name">com.automationpractice.ecommerce.testCases.TestCase25VerifyScrollUpUsingArrowButtonAndScrollDownFunctionality</div> <!-- chronological-class-name -->
              <div class="configuration-class before">
                <img src="failed.png">
                </img>
                <span class="method-name">beforeClass</span>
                <span class="method-start">30557 ms</span>
              </div> <!-- configuration-class before -->
            </div> <!-- chronological-class -->
            <div class="chronological-class">
              <div class="chronological-class-name">com.automationpractice.ecommerce.testCases.TestCase26VerifyScrollUpWithoutArrowButtonAndScrollDownFunctionality</div> <!-- chronological-class-name -->
              <div class="configuration-class before">
                <img src="failed.png">
                </img>
                <span class="method-name">beforeClass</span>
                <span class="method-start">31074 ms</span>
              </div> <!-- configuration-class before -->
          </div> <!-- main-panel-content rounded-window-bottom -->
        </div> <!-- panel -->
      </div> <!-- main-panel-root -->
    </div> <!-- wrapper -->
  </body>
</html>
